<?xml version="1.0" encoding="UTF-8"?>
<coverage generated="1705886812246" clover="3.2.0">
  <project timestamp="1705886812246" name="All files">
    <metrics statements="311" coveredstatements="91" conditionals="22" coveredconditionals="1" methods="128" coveredmethods="10" elements="461" coveredelements="102" complexity="0" loc="311" ncloc="311" packages="5" files="24" classes="24"/>
    <package name="Assignment9">
      <metrics statements="2" coveredstatements="2" conditionals="0" coveredconditionals="0" methods="1" coveredmethods="1"/>
      <file name="App.js" path="/Users/harneet/Desktop/CSE_118/Assignment9/App.js">
        <metrics statements="2" coveredstatements="2" conditionals="0" coveredconditionals="0" methods="1" coveredmethods="1"/>
        <line num="5" count="2" type="stmt"/>
        <line num="6" count="22" type="stmt"/>
      </file>
    </package>
    <package name="Assignment9.src">
      <metrics statements="26" coveredstatements="5" conditionals="6" coveredconditionals="1" methods="21" coveredmethods="1"/>
      <file name="Main.js" path="/Users/harneet/Desktop/CSE_118/Assignment9/src/Main.js">
        <metrics statements="26" coveredstatements="5" conditionals="6" coveredconditionals="1" methods="21" coveredmethods="1"/>
        <line num="22" count="2" type="stmt"/>
        <line num="24" count="2" type="stmt"/>
        <line num="26" count="22" type="stmt"/>
        <line num="28" count="22" type="cond" truecount="1" falsecount="1"/>
        <line num="29" count="22" type="stmt"/>
        <line num="31" count="0" type="stmt"/>
        <line num="41" count="0" type="stmt"/>
        <line num="44" count="0" type="stmt"/>
        <line num="54" count="0" type="stmt"/>
        <line num="61" count="0" type="stmt"/>
        <line num="78" count="0" type="stmt"/>
        <line num="83" count="0" type="stmt"/>
        <line num="90" count="0" type="stmt"/>
        <line num="100" count="0" type="stmt"/>
        <line num="110" count="0" type="stmt"/>
        <line num="115" count="0" type="stmt"/>
        <line num="121" count="0" type="stmt"/>
        <line num="129" count="0" type="stmt"/>
        <line num="137" count="0" type="stmt"/>
        <line num="145" count="0" type="stmt"/>
        <line num="153" count="0" type="stmt"/>
        <line num="157" count="0" type="stmt"/>
        <line num="163" count="0" type="stmt"/>
        <line num="171" count="0" type="stmt"/>
        <line num="179" count="0" type="stmt"/>
        <line num="181" count="0" type="stmt"/>
      </file>
    </package>
    <package name="Assignment9.src.Model">
      <metrics statements="71" coveredstatements="26" conditionals="0" coveredconditionals="0" methods="16" coveredmethods="3"/>
      <file name="ViewModel.js" path="/Users/harneet/Desktop/CSE_118/Assignment9/src/Model/ViewModel.js">
        <metrics statements="71" coveredstatements="26" conditionals="0" coveredconditionals="0" methods="16" coveredmethods="3"/>
        <line num="27" count="2" type="stmt"/>
        <line num="29" count="2" type="stmt"/>
        <line num="30" count="22" type="stmt"/>
        <line num="31" count="22" type="stmt"/>
        <line num="32" count="22" type="stmt"/>
        <line num="33" count="22" type="stmt"/>
        <line num="34" count="22" type="stmt"/>
        <line num="35" count="22" type="stmt"/>
        <line num="36" count="22" type="stmt"/>
        <line num="37" count="22" type="stmt"/>
        <line num="42" count="22" type="stmt"/>
        <line num="43" count="22" type="stmt"/>
        <line num="45" count="0" type="stmt"/>
        <line num="46" count="0" type="stmt"/>
        <line num="47" count="0" type="stmt"/>
        <line num="50" count="3" type="stmt"/>
        <line num="55" count="22" type="stmt"/>
        <line num="56" count="0" type="stmt"/>
        <line num="57" count="0" type="stmt"/>
        <line num="58" count="0" type="stmt"/>
        <line num="59" count="0" type="stmt"/>
        <line num="60" count="0" type="stmt"/>
        <line num="61" count="0" type="stmt"/>
        <line num="65" count="22" type="stmt"/>
        <line num="66" count="0" type="stmt"/>
        <line num="67" count="0" type="stmt"/>
        <line num="68" count="0" type="stmt"/>
        <line num="69" count="0" type="stmt"/>
        <line num="70" count="0" type="stmt"/>
        <line num="71" count="0" type="stmt"/>
        <line num="72" count="0" type="stmt"/>
        <line num="73" count="0" type="stmt"/>
        <line num="79" count="22" type="stmt"/>
        <line num="80" count="0" type="stmt"/>
        <line num="81" count="0" type="stmt"/>
        <line num="82" count="0" type="stmt"/>
        <line num="83" count="0" type="stmt"/>
        <line num="87" count="22" type="stmt"/>
        <line num="88" count="0" type="stmt"/>
        <line num="89" count="0" type="stmt"/>
        <line num="90" count="0" type="stmt"/>
        <line num="94" count="22" type="stmt"/>
        <line num="95" count="0" type="stmt"/>
        <line num="96" count="0" type="stmt"/>
        <line num="97" count="0" type="stmt"/>
        <line num="101" count="22" type="stmt"/>
        <line num="102" count="0" type="stmt"/>
        <line num="103" count="0" type="stmt"/>
        <line num="109" count="22" type="stmt"/>
        <line num="110" count="0" type="stmt"/>
        <line num="111" count="0" type="stmt"/>
        <line num="112" count="0" type="stmt"/>
        <line num="113" count="0" type="stmt"/>
        <line num="117" count="22" type="stmt"/>
        <line num="118" count="0" type="stmt"/>
        <line num="119" count="0" type="stmt"/>
        <line num="120" count="0" type="stmt"/>
        <line num="124" count="22" type="stmt"/>
        <line num="125" count="0" type="stmt"/>
        <line num="126" count="0" type="stmt"/>
        <line num="130" count="22" type="stmt"/>
        <line num="131" count="0" type="stmt"/>
        <line num="132" count="0" type="stmt"/>
        <line num="138" count="22" type="stmt"/>
        <line num="139" count="0" type="stmt"/>
        <line num="140" count="0" type="stmt"/>
        <line num="141" count="0" type="stmt"/>
        <line num="145" count="22" type="stmt"/>
        <line num="146" count="0" type="stmt"/>
        <line num="147" count="0" type="stmt"/>
        <line num="150" count="22" type="stmt"/>
      </file>
    </package>
    <package name="Assignment9.src.Repo">
      <metrics statements="61" coveredstatements="16" conditionals="2" coveredconditionals="0" methods="33" coveredmethods="1"/>
      <file name="ChannelRepo.js" path="/Users/harneet/Desktop/CSE_118/Assignment9/src/Repo/ChannelRepo.js">
        <metrics statements="12" coveredstatements="3" conditionals="0" coveredconditionals="0" methods="7" coveredmethods="0"/>
        <line num="5" count="2" type="stmt"/>
        <line num="7" count="0" type="stmt"/>
        <line num="17" count="0" type="stmt"/>
        <line num="22" count="0" type="stmt"/>
        <line num="24" count="0" type="stmt"/>
        <line num="27" count="2" type="stmt"/>
        <line num="29" count="0" type="stmt"/>
        <line num="42" count="0" type="stmt"/>
        <line num="47" count="0" type="stmt"/>
        <line num="49" count="0" type="stmt"/>
        <line num="52" count="2" type="stmt"/>
        <line num="53" count="0" type="stmt"/>
      </file>
      <file name="MemberRepo.js" path="/Users/harneet/Desktop/CSE_118/Assignment9/src/Repo/MemberRepo.js">
        <metrics statements="16" coveredstatements="4" conditionals="0" coveredconditionals="0" methods="8" coveredmethods="0"/>
        <line num="5" count="2" type="stmt"/>
        <line num="7" count="0" type="stmt"/>
        <line num="17" count="0" type="stmt"/>
        <line num="22" count="0" type="stmt"/>
        <line num="24" count="0" type="stmt"/>
        <line num="27" count="2" type="stmt"/>
        <line num="29" count="0" type="stmt"/>
        <line num="39" count="0" type="stmt"/>
        <line num="44" count="0" type="stmt"/>
        <line num="46" count="0" type="stmt"/>
        <line num="49" count="2" type="stmt"/>
        <line num="51" count="0" type="stmt"/>
        <line num="60" count="0" type="stmt"/>
        <line num="63" count="2" type="stmt"/>
        <line num="65" count="0" type="stmt"/>
        <line num="74" count="0" type="stmt"/>
      </file>
      <file name="MessageRepo.js" path="/Users/harneet/Desktop/CSE_118/Assignment9/src/Repo/MessageRepo.js">
        <metrics statements="12" coveredstatements="3" conditionals="0" coveredconditionals="0" methods="7" coveredmethods="0"/>
        <line num="5" count="2" type="stmt"/>
        <line num="7" count="0" type="stmt"/>
        <line num="17" count="0" type="stmt"/>
        <line num="22" count="0" type="stmt"/>
        <line num="24" count="0" type="stmt"/>
        <line num="27" count="2" type="stmt"/>
        <line num="29" count="0" type="stmt"/>
        <line num="42" count="0" type="stmt"/>
        <line num="46" count="0" type="stmt"/>
        <line num="48" count="0" type="stmt"/>
        <line num="51" count="2" type="stmt"/>
        <line num="52" count="0" type="stmt"/>
      </file>
      <file name="SystemRepo.js" path="/Users/harneet/Desktop/CSE_118/Assignment9/src/Repo/SystemRepo.js">
        <metrics statements="9" coveredstatements="3" conditionals="2" coveredconditionals="0" methods="4" coveredmethods="1"/>
        <line num="5" count="2" type="stmt"/>
        <line num="7" count="22" type="stmt"/>
        <line num="19" count="0" type="cond" truecount="0" falsecount="2"/>
        <line num="20" count="0" type="stmt"/>
        <line num="22" count="0" type="stmt"/>
        <line num="25" count="0" type="stmt"/>
        <line num="27" count="0" type="stmt"/>
        <line num="30" count="2" type="stmt"/>
        <line num="31" count="0" type="stmt"/>
      </file>
      <file name="WorkspaceRepo.js" path="/Users/harneet/Desktop/CSE_118/Assignment9/src/Repo/WorkspaceRepo.js">
        <metrics statements="12" coveredstatements="3" conditionals="0" coveredconditionals="0" methods="7" coveredmethods="0"/>
        <line num="5" count="2" type="stmt"/>
        <line num="7" count="0" type="stmt"/>
        <line num="17" count="0" type="stmt"/>
        <line num="22" count="0" type="stmt"/>
        <line num="24" count="0" type="stmt"/>
        <line num="27" count="2" type="stmt"/>
        <line num="29" count="0" type="stmt"/>
        <line num="42" count="0" type="stmt"/>
        <line num="47" count="0" type="stmt"/>
        <line num="49" count="0" type="stmt"/>
        <line num="52" count="2" type="stmt"/>
        <line num="53" count="0" type="stmt"/>
      </file>
    </package>
    <package name="Assignment9.src.UI">
      <metrics statements="151" coveredstatements="42" conditionals="14" coveredconditionals="0" methods="57" coveredmethods="4"/>
      <file name="AddChannelView.js" path="/Users/harneet/Desktop/CSE_118/Assignment9/src/UI/AddChannelView.js">
        <metrics statements="10" coveredstatements="2" conditionals="0" coveredconditionals="0" methods="3" coveredmethods="0"/>
        <line num="5" count="2" type="stmt"/>
        <line num="6" count="0" type="stmt"/>
        <line num="7" count="0" type="stmt"/>
        <line num="9" count="0" type="stmt"/>
        <line num="10" count="0" type="stmt"/>
        <line num="11" count="0" type="stmt"/>
        <line num="14" count="0" type="stmt"/>
        <line num="16" count="0" type="stmt"/>
        <line num="23" count="0" type="stmt"/>
        <line num="44" count="2" type="stmt"/>
      </file>
      <file name="AddMemberCard.js" path="/Users/harneet/Desktop/CSE_118/Assignment9/src/UI/AddMemberCard.js">
        <metrics statements="11" coveredstatements="2" conditionals="0" coveredconditionals="0" methods="4" coveredmethods="0"/>
        <line num="8" count="2" type="stmt"/>
        <line num="10" count="0" type="stmt"/>
        <line num="14" count="0" type="stmt"/>
        <line num="16" count="0" type="stmt"/>
        <line num="17" count="0" type="stmt"/>
        <line num="18" count="0" type="stmt"/>
        <line num="21" count="0" type="stmt"/>
        <line num="22" count="0" type="stmt"/>
        <line num="23" count="0" type="stmt"/>
        <line num="35" count="0" type="stmt"/>
        <line num="48" count="2" type="stmt"/>
      </file>
      <file name="AddMemberList.js" path="/Users/harneet/Desktop/CSE_118/Assignment9/src/UI/AddMemberList.js">
        <metrics statements="8" coveredstatements="2" conditionals="2" coveredconditionals="0" methods="4" coveredmethods="0"/>
        <line num="6" count="2" type="stmt"/>
        <line num="8" count="0" type="stmt"/>
        <line num="10" count="0" type="stmt"/>
        <line num="12" count="0" type="cond" truecount="0" falsecount="2"/>
        <line num="15" count="0" type="stmt"/>
        <line num="20" count="0" type="stmt"/>
        <line num="22" count="0" type="stmt"/>
        <line num="29" count="2" type="stmt"/>
      </file>
      <file name="AddMessageView.js" path="/Users/harneet/Desktop/CSE_118/Assignment9/src/UI/AddMessageView.js">
        <metrics statements="10" coveredstatements="2" conditionals="0" coveredconditionals="0" methods="3" coveredmethods="0"/>
        <line num="5" count="2" type="stmt"/>
        <line num="7" count="0" type="stmt"/>
        <line num="8" count="0" type="stmt"/>
        <line num="10" count="0" type="stmt"/>
        <line num="11" count="0" type="stmt"/>
        <line num="12" count="0" type="stmt"/>
        <line num="15" count="0" type="stmt"/>
        <line num="17" count="0" type="stmt"/>
        <line num="24" count="0" type="stmt"/>
        <line num="47" count="2" type="stmt"/>
      </file>
      <file name="AddWorkspaceView.js" path="/Users/harneet/Desktop/CSE_118/Assignment9/src/UI/AddWorkspaceView.js">
        <metrics statements="10" coveredstatements="2" conditionals="0" coveredconditionals="0" methods="3" coveredmethods="0"/>
        <line num="5" count="2" type="stmt"/>
        <line num="6" count="0" type="stmt"/>
        <line num="7" count="0" type="stmt"/>
        <line num="9" count="0" type="stmt"/>
        <line num="10" count="0" type="stmt"/>
        <line num="11" count="0" type="stmt"/>
        <line num="14" count="0" type="stmt"/>
        <line num="16" count="0" type="stmt"/>
        <line num="23" count="0" type="stmt"/>
        <line num="44" count="2" type="stmt"/>
      </file>
      <file name="ChannelCard.js" path="/Users/harneet/Desktop/CSE_118/Assignment9/src/UI/ChannelCard.js">
        <metrics statements="14" coveredstatements="2" conditionals="4" coveredconditionals="0" methods="5" coveredmethods="0"/>
        <line num="8" count="2" type="stmt"/>
        <line num="10" count="0" type="stmt"/>
        <line num="14" count="0" type="stmt"/>
        <line num="16" count="0" type="stmt"/>
        <line num="17" count="0" type="stmt"/>
        <line num="18" count="0" type="stmt"/>
        <line num="21" count="0" type="stmt"/>
        <line num="22" count="0" type="stmt"/>
        <line num="23" count="0" type="stmt"/>
        <line num="36" count="0" type="stmt"/>
        <line num="40" count="0" type="stmt"/>
        <line num="46" count="0" type="stmt"/>
        <line num="47" count="0" type="stmt"/>
        <line num="64" count="2" type="stmt"/>
      </file>
      <file name="ChannelList.js" path="/Users/harneet/Desktop/CSE_118/Assignment9/src/UI/ChannelList.js">
        <metrics statements="6" coveredstatements="2" conditionals="0" coveredconditionals="0" methods="3" coveredmethods="0"/>
        <line num="6" count="2" type="stmt"/>
        <line num="7" count="0" type="stmt"/>
        <line num="8" count="0" type="stmt"/>
        <line num="12" count="0" type="stmt"/>
        <line num="14" count="0" type="stmt"/>
        <line num="21" count="2" type="stmt"/>
      </file>
      <file name="LoginView.js" path="/Users/harneet/Desktop/CSE_118/Assignment9/src/UI/LoginView.js">
        <metrics statements="10" coveredstatements="10" conditionals="0" coveredconditionals="0" methods="4" coveredmethods="4"/>
        <line num="5" count="2" type="stmt"/>
        <line num="6" count="66" type="stmt"/>
        <line num="8" count="66" type="stmt"/>
        <line num="9" count="66" type="stmt"/>
        <line num="11" count="66" type="stmt"/>
        <line num="12" count="22" type="stmt"/>
        <line num="15" count="66" type="stmt"/>
        <line num="22" count="22" type="stmt"/>
        <line num="32" count="22" type="stmt"/>
        <line num="41" count="2" type="stmt"/>
      </file>
      <file name="MemberCard.js" path="/Users/harneet/Desktop/CSE_118/Assignment9/src/UI/MemberCard.js">
        <metrics statements="11" coveredstatements="2" conditionals="0" coveredconditionals="0" methods="4" coveredmethods="0"/>
        <line num="8" count="2" type="stmt"/>
        <line num="10" count="0" type="stmt"/>
        <line num="14" count="0" type="stmt"/>
        <line num="16" count="0" type="stmt"/>
        <line num="17" count="0" type="stmt"/>
        <line num="18" count="0" type="stmt"/>
        <line num="21" count="0" type="stmt"/>
        <line num="22" count="0" type="stmt"/>
        <line num="23" count="0" type="stmt"/>
        <line num="36" count="0" type="stmt"/>
        <line num="49" count="2" type="stmt"/>
      </file>
      <file name="MemberList.js" path="/Users/harneet/Desktop/CSE_118/Assignment9/src/UI/MemberList.js">
        <metrics statements="6" coveredstatements="2" conditionals="0" coveredconditionals="0" methods="3" coveredmethods="0"/>
        <line num="6" count="2" type="stmt"/>
        <line num="7" count="0" type="stmt"/>
        <line num="8" count="0" type="stmt"/>
        <line num="13" count="0" type="stmt"/>
        <line num="15" count="0" type="stmt"/>
        <line num="22" count="2" type="stmt"/>
      </file>
      <file name="MessageCard.js" path="/Users/harneet/Desktop/CSE_118/Assignment9/src/UI/MessageCard.js">
        <metrics statements="18" coveredstatements="3" conditionals="4" coveredconditionals="0" methods="7" coveredmethods="0"/>
        <line num="9" count="2" type="stmt"/>
        <line num="10" count="0" type="stmt"/>
        <line num="11" count="0" type="stmt"/>
        <line num="19" count="0" type="stmt"/>
        <line num="22" count="2" type="stmt"/>
        <line num="29" count="0" type="stmt"/>
        <line num="33" count="0" type="stmt"/>
        <line num="35" count="0" type="stmt"/>
        <line num="36" count="0" type="stmt"/>
        <line num="37" count="0" type="stmt"/>
        <line num="40" count="0" type="stmt"/>
        <line num="41" count="0" type="stmt"/>
        <line num="42" count="0" type="stmt"/>
        <line num="54" count="0" type="cond" truecount="0" falsecount="2"/>
        <line num="58" count="0" type="stmt"/>
        <line num="64" count="0" type="stmt"/>
        <line num="69" count="0" type="stmt"/>
        <line num="84" count="2" type="stmt"/>
      </file>
      <file name="MessageList.js" path="/Users/harneet/Desktop/CSE_118/Assignment9/src/UI/MessageList.js">
        <metrics statements="6" coveredstatements="2" conditionals="0" coveredconditionals="0" methods="3" coveredmethods="0"/>
        <line num="6" count="2" type="stmt"/>
        <line num="7" count="0" type="stmt"/>
        <line num="8" count="0" type="stmt"/>
        <line num="12" count="0" type="stmt"/>
        <line num="14" count="0" type="stmt"/>
        <line num="21" count="2" type="stmt"/>
      </file>
      <file name="MessageView.js" path="/Users/harneet/Desktop/CSE_118/Assignment9/src/UI/MessageView.js">
        <metrics statements="4" coveredstatements="2" conditionals="0" coveredconditionals="0" methods="1" coveredmethods="0"/>
        <line num="6" count="2" type="stmt"/>
        <line num="7" count="0" type="stmt"/>
        <line num="8" count="0" type="stmt"/>
        <line num="15" count="2" type="stmt"/>
      </file>
      <file name="SingleMessageCard.js" path="/Users/harneet/Desktop/CSE_118/Assignment9/src/UI/SingleMessageCard.js">
        <metrics statements="7" coveredstatements="3" conditionals="0" coveredconditionals="0" methods="2" coveredmethods="0"/>
        <line num="5" count="2" type="stmt"/>
        <line num="6" count="0" type="stmt"/>
        <line num="7" count="0" type="stmt"/>
        <line num="15" count="0" type="stmt"/>
        <line num="18" count="2" type="stmt"/>
        <line num="19" count="0" type="stmt"/>
        <line num="27" count="2" type="stmt"/>
      </file>
      <file name="WorkspaceCard.js" path="/Users/harneet/Desktop/CSE_118/Assignment9/src/UI/WorkspaceCard.js">
        <metrics statements="14" coveredstatements="2" conditionals="4" coveredconditionals="0" methods="5" coveredmethods="0"/>
        <line num="8" count="2" type="stmt"/>
        <line num="10" count="0" type="stmt"/>
        <line num="14" count="0" type="stmt"/>
        <line num="16" count="0" type="stmt"/>
        <line num="17" count="0" type="stmt"/>
        <line num="18" count="0" type="stmt"/>
        <line num="21" count="0" type="stmt"/>
        <line num="22" count="0" type="stmt"/>
        <line num="23" count="0" type="stmt"/>
        <line num="36" count="0" type="stmt"/>
        <line num="39" count="0" type="stmt"/>
        <line num="45" count="0" type="stmt"/>
        <line num="46" count="0" type="stmt"/>
        <line num="63" count="2" type="stmt"/>
      </file>
      <file name="WorkspaceList.js" path="/Users/harneet/Desktop/CSE_118/Assignment9/src/UI/WorkspaceList.js">
        <metrics statements="6" coveredstatements="2" conditionals="0" coveredconditionals="0" methods="3" coveredmethods="0"/>
        <line num="6" count="2" type="stmt"/>
        <line num="7" count="0" type="stmt"/>
        <line num="8" count="0" type="stmt"/>
        <line num="12" count="0" type="stmt"/>
        <line num="14" count="0" type="stmt"/>
        <line num="21" count="2" type="stmt"/>
      </file>
    </package>
  </project>
</coverage>
