{"/Users/harneet/Desktop/CSE_118/Assignment9/App.js": {"path":"/Users/harneet/Desktop/CSE_118/Assignment9/App.js","statementMap":{"0":{"start":{"line":5,"column":12},"end":{"line":11,"column":1}},"1":{"start":{"line":6,"column":2},"end":{"line":10,"column":4}}},"fnMap":{"0":{"name":"(anonymous_0)","decl":{"start":{"line":5,"column":12},"end":{"line":5,"column":13}},"loc":{"start":{"line":5,"column":18},"end":{"line":11,"column":1}},"line":5}},"branchMap":{},"s":{"0":2,"1":22},"f":{"0":22},"b":{},"_coverageSchema":"1a1c01bbd47fc00a2c39e90264f33305004495a9","hash":"2f504a9428b804992f0510bfe040b814a6ac3321"}
,"/Users/harneet/Desktop/CSE_118/Assignment9/src/Main.js": {"path":"/Users/harneet/Desktop/CSE_118/Assignment9/src/Main.js","statementMap":{"0":{"start":{"line":22,"column":14},"end":{"line":22,"column":36}},"1":{"start":{"line":24,"column":13},"end":{"line":191,"column":1}},"2":{"start":{"line":26,"column":4},"end":{"line":26,"column":32}},"3":{"start":{"line":28,"column":2},"end":{"line":190,"column":3}},"4":{"start":{"line":29,"column":4},"end":{"line":29,"column":25}},"5":{"start":{"line":31,"column":4},"end":{"line":189,"column":6}},"6":{"start":{"line":41,"column":40},"end":{"line":73,"column":13}},"7":{"start":{"line":44,"column":16},"end":{"line":51,"column":18}},"8":{"start":{"line":54,"column":16},"end":{"line":71,"column":23}},"9":{"start":{"line":61,"column":35},"end":{"line":61,"column":71}},"10":{"start":{"line":78,"column":47},"end":{"line":105,"column":13}},"11":{"start":{"line":83,"column":16},"end":{"line":103,"column":23}},"12":{"start":{"line":90,"column":37},"end":{"line":90,"column":67}},"13":{"start":{"line":100,"column":37},"end":{"line":100,"column":71}},"14":{"start":{"line":110,"column":47},"end":{"line":124,"column":13}},"15":{"start":{"line":115,"column":16},"end":{"line":122,"column":18}},"16":{"start":{"line":121,"column":33},"end":{"line":121,"column":67}},"17":{"start":{"line":129,"column":28},"end":{"line":132,"column":13}},"18":{"start":{"line":137,"column":28},"end":{"line":140,"column":13}},"19":{"start":{"line":145,"column":28},"end":{"line":148,"column":13}},"20":{"start":{"line":153,"column":40},"end":{"line":166,"column":13}},"21":{"start":{"line":157,"column":16},"end":{"line":164,"column":18}},"22":{"start":{"line":163,"column":33},"end":{"line":163,"column":66}},"23":{"start":{"line":171,"column":28},"end":{"line":174,"column":13}},"24":{"start":{"line":179,"column":35},"end":{"line":185,"column":13}},"25":{"start":{"line":181,"column":26},"end":{"line":181,"column":67}}},"fnMap":{"0":{"name":"(anonymous_0)","decl":{"start":{"line":24,"column":13},"end":{"line":24,"column":14}},"loc":{"start":{"line":24,"column":19},"end":{"line":191,"column":1}},"line":24},"1":{"name":"(anonymous_1)","decl":{"start":{"line":41,"column":21},"end":{"line":41,"column":22}},"loc":{"start":{"line":41,"column":40},"end":{"line":73,"column":13}},"line":41},"2":{"name":"(anonymous_2)","decl":{"start":{"line":43,"column":26},"end":{"line":43,"column":27}},"loc":{"start":{"line":44,"column":16},"end":{"line":51,"column":18}},"line":44},"3":{"name":"(anonymous_3)","decl":{"start":{"line":53,"column":27},"end":{"line":53,"column":28}},"loc":{"start":{"line":54,"column":16},"end":{"line":71,"column":23}},"line":54},"4":{"name":"(anonymous_4)","decl":{"start":{"line":61,"column":29},"end":{"line":61,"column":30}},"loc":{"start":{"line":61,"column":35},"end":{"line":61,"column":71}},"line":61},"5":{"name":"(anonymous_5)","decl":{"start":{"line":78,"column":21},"end":{"line":78,"column":22}},"loc":{"start":{"line":78,"column":47},"end":{"line":105,"column":13}},"line":78},"6":{"name":"(anonymous_6)","decl":{"start":{"line":82,"column":27},"end":{"line":82,"column":28}},"loc":{"start":{"line":83,"column":16},"end":{"line":103,"column":23}},"line":83},"7":{"name":"(anonymous_7)","decl":{"start":{"line":90,"column":31},"end":{"line":90,"column":32}},"loc":{"start":{"line":90,"column":37},"end":{"line":90,"column":67}},"line":90},"8":{"name":"(anonymous_8)","decl":{"start":{"line":100,"column":31},"end":{"line":100,"column":32}},"loc":{"start":{"line":100,"column":37},"end":{"line":100,"column":71}},"line":100},"9":{"name":"(anonymous_9)","decl":{"start":{"line":110,"column":21},"end":{"line":110,"column":22}},"loc":{"start":{"line":110,"column":47},"end":{"line":124,"column":13}},"line":110},"10":{"name":"(anonymous_10)","decl":{"start":{"line":114,"column":27},"end":{"line":114,"column":28}},"loc":{"start":{"line":115,"column":16},"end":{"line":122,"column":18}},"line":115},"11":{"name":"(anonymous_11)","decl":{"start":{"line":121,"column":27},"end":{"line":121,"column":28}},"loc":{"start":{"line":121,"column":33},"end":{"line":121,"column":67}},"line":121},"12":{"name":"(anonymous_12)","decl":{"start":{"line":129,"column":21},"end":{"line":129,"column":22}},"loc":{"start":{"line":129,"column":28},"end":{"line":132,"column":13}},"line":129},"13":{"name":"(anonymous_13)","decl":{"start":{"line":137,"column":21},"end":{"line":137,"column":22}},"loc":{"start":{"line":137,"column":28},"end":{"line":140,"column":13}},"line":137},"14":{"name":"(anonymous_14)","decl":{"start":{"line":145,"column":21},"end":{"line":145,"column":22}},"loc":{"start":{"line":145,"column":28},"end":{"line":148,"column":13}},"line":145},"15":{"name":"(anonymous_15)","decl":{"start":{"line":153,"column":21},"end":{"line":153,"column":22}},"loc":{"start":{"line":153,"column":40},"end":{"line":166,"column":13}},"line":153},"16":{"name":"(anonymous_16)","decl":{"start":{"line":156,"column":27},"end":{"line":156,"column":28}},"loc":{"start":{"line":157,"column":16},"end":{"line":164,"column":18}},"line":157},"17":{"name":"(anonymous_17)","decl":{"start":{"line":163,"column":27},"end":{"line":163,"column":28}},"loc":{"start":{"line":163,"column":33},"end":{"line":163,"column":66}},"line":163},"18":{"name":"(anonymous_18)","decl":{"start":{"line":171,"column":21},"end":{"line":171,"column":22}},"loc":{"start":{"line":171,"column":28},"end":{"line":174,"column":13}},"line":171},"19":{"name":"(anonymous_19)","decl":{"start":{"line":179,"column":21},"end":{"line":179,"column":22}},"loc":{"start":{"line":179,"column":35},"end":{"line":185,"column":13}},"line":179},"20":{"name":"(anonymous_20)","decl":{"start":{"line":181,"column":16},"end":{"line":181,"column":17}},"loc":{"start":{"line":181,"column":26},"end":{"line":181,"column":67}},"line":181}},"branchMap":{"0":{"loc":{"start":{"line":28,"column":2},"end":{"line":190,"column":3}},"type":"if","locations":[{"start":{"line":28,"column":2},"end":{"line":190,"column":3}},{"start":{"line":30,"column":9},"end":{"line":190,"column":3}}],"line":28},"1":{"loc":{"start":{"line":84,"column":19},"end":{"line":92,"column":26}},"type":"cond-expr","locations":[{"start":{"line":85,"column":20},"end":{"line":91,"column":22}},{"start":{"line":92,"column":22},"end":{"line":92,"column":26}}],"line":84},"2":{"loc":{"start":{"line":93,"column":19},"end":{"line":102,"column":26}},"type":"cond-expr","locations":[{"start":{"line":94,"column":20},"end":{"line":101,"column":22}},{"start":{"line":102,"column":22},"end":{"line":102,"column":26}}],"line":93}},"s":{"0":2,"1":2,"2":22,"3":22,"4":22,"5":0,"6":0,"7":0,"8":0,"9":0,"10":0,"11":0,"12":0,"13":0,"14":0,"15":0,"16":0,"17":0,"18":0,"19":0,"20":0,"21":0,"22":0,"23":0,"24":0,"25":0},"f":{"0":22,"1":0,"2":0,"3":0,"4":0,"5":0,"6":0,"7":0,"8":0,"9":0,"10":0,"11":0,"12":0,"13":0,"14":0,"15":0,"16":0,"17":0,"18":0,"19":0,"20":0},"b":{"0":[22,0],"1":[0,0],"2":[0,0]},"_coverageSchema":"1a1c01bbd47fc00a2c39e90264f33305004495a9","hash":"b93cdd1b0747a6b90a4ee7121014c17295c2f429"}
,"/Users/harneet/Desktop/CSE_118/Assignment9/src/Model/ViewModel.js": {"path":"/Users/harneet/Desktop/CSE_118/Assignment9/src/Model/ViewModel.js","statementMap":{"0":{"start":{"line":27,"column":32},"end":{"line":27,"column":47}},"1":{"start":{"line":29,"column":18},"end":{"line":178,"column":1}},"2":{"start":{"line":30,"column":26},"end":{"line":30,"column":36}},"3":{"start":{"line":31,"column":32},"end":{"line":31,"column":44}},"4":{"start":{"line":32,"column":38},"end":{"line":32,"column":50}},"5":{"start":{"line":33,"column":34},"end":{"line":33,"column":46}},"6":{"start":{"line":34,"column":34},"end":{"line":34,"column":46}},"7":{"start":{"line":35,"column":66},"end":{"line":35,"column":78}},"8":{"start":{"line":36,"column":52},"end":{"line":36,"column":62}},"9":{"start":{"line":37,"column":48},"end":{"line":37,"column":58}},"10":{"start":{"line":42,"column":21},"end":{"line":52,"column":3}},"11":{"start":{"line":43,"column":4},"end":{"line":51,"column":9}},"12":{"start":{"line":45,"column":8},"end":{"line":45,"column":26}},"13":{"start":{"line":46,"column":8},"end":{"line":46,"column":54}},"14":{"start":{"line":47,"column":8},"end":{"line":47,"column":48}},"15":{"start":{"line":50,"column":8},"end":{"line":50,"column":27}},"16":{"start":{"line":55,"column":22},"end":{"line":62,"column":3}},"17":{"start":{"line":56,"column":4},"end":{"line":56,"column":23}},"18":{"start":{"line":57,"column":4},"end":{"line":57,"column":36}},"19":{"start":{"line":58,"column":4},"end":{"line":58,"column":34}},"20":{"start":{"line":59,"column":4},"end":{"line":59,"column":22}},"21":{"start":{"line":60,"column":4},"end":{"line":60,"column":20}},"22":{"start":{"line":61,"column":4},"end":{"line":61,"column":20}},"23":{"start":{"line":65,"column":21},"end":{"line":74,"column":3}},"24":{"start":{"line":66,"column":4},"end":{"line":66,"column":22}},"25":{"start":{"line":67,"column":4},"end":{"line":67,"column":36}},"26":{"start":{"line":68,"column":4},"end":{"line":68,"column":34}},"27":{"start":{"line":69,"column":4},"end":{"line":69,"column":43}},"28":{"start":{"line":70,"column":4},"end":{"line":70,"column":22}},"29":{"start":{"line":71,"column":4},"end":{"line":71,"column":20}},"30":{"start":{"line":72,"column":4},"end":{"line":72,"column":20}},"31":{"start":{"line":73,"column":4},"end":{"line":73,"column":46}},"32":{"start":{"line":79,"column":29},"end":{"line":84,"column":3}},"33":{"start":{"line":80,"column":4},"end":{"line":80,"column":32}},"34":{"start":{"line":81,"column":4},"end":{"line":81,"column":51}},"35":{"start":{"line":82,"column":4},"end":{"line":82,"column":53}},"36":{"start":{"line":83,"column":4},"end":{"line":83,"column":46}},"37":{"start":{"line":87,"column":29},"end":{"line":91,"column":3}},"38":{"start":{"line":88,"column":4},"end":{"line":88,"column":40}},"39":{"start":{"line":89,"column":4},"end":{"line":89,"column":53}},"40":{"start":{"line":90,"column":4},"end":{"line":90,"column":46}},"41":{"start":{"line":94,"column":31},"end":{"line":98,"column":3}},"42":{"start":{"line":95,"column":4},"end":{"line":95,"column":43}},"43":{"start":{"line":96,"column":4},"end":{"line":96,"column":44}},"44":{"start":{"line":97,"column":4},"end":{"line":97,"column":46}},"45":{"start":{"line":101,"column":37},"end":{"line":104,"column":3}},"46":{"start":{"line":102,"column":4},"end":{"line":102,"column":59}},"47":{"start":{"line":103,"column":4},"end":{"line":103,"column":78}},"48":{"start":{"line":109,"column":26},"end":{"line":114,"column":3}},"49":{"start":{"line":110,"column":4},"end":{"line":110,"column":38}},"50":{"start":{"line":111,"column":4},"end":{"line":111,"column":51}},"51":{"start":{"line":112,"column":4},"end":{"line":112,"column":53}},"52":{"start":{"line":113,"column":4},"end":{"line":113,"column":46}},"53":{"start":{"line":117,"column":26},"end":{"line":121,"column":3}},"54":{"start":{"line":118,"column":4},"end":{"line":118,"column":45}},"55":{"start":{"line":119,"column":4},"end":{"line":119,"column":53}},"56":{"start":{"line":120,"column":4},"end":{"line":120,"column":46}},"57":{"start":{"line":124,"column":28},"end":{"line":127,"column":3}},"58":{"start":{"line":125,"column":4},"end":{"line":125,"column":36}},"59":{"start":{"line":126,"column":4},"end":{"line":126,"column":46}},"60":{"start":{"line":130,"column":34},"end":{"line":133,"column":3}},"61":{"start":{"line":131,"column":4},"end":{"line":131,"column":56}},"62":{"start":{"line":132,"column":4},"end":{"line":132,"column":78}},"63":{"start":{"line":138,"column":26},"end":{"line":142,"column":3}},"64":{"start":{"line":139,"column":4},"end":{"line":139,"column":36}},"65":{"start":{"line":140,"column":4},"end":{"line":140,"column":78}},"66":{"start":{"line":141,"column":4},"end":{"line":141,"column":53}},"67":{"start":{"line":145,"column":24},"end":{"line":148,"column":3}},"68":{"start":{"line":146,"column":4},"end":{"line":146,"column":32}},"69":{"start":{"line":147,"column":4},"end":{"line":147,"column":51}},"70":{"start":{"line":150,"column":2},"end":{"line":177,"column":4}}},"fnMap":{"0":{"name":"(anonymous_0)","decl":{"start":{"line":29,"column":18},"end":{"line":29,"column":19}},"loc":{"start":{"line":29,"column":27},"end":{"line":178,"column":1}},"line":29},"1":{"name":"(anonymous_1)","decl":{"start":{"line":42,"column":21},"end":{"line":42,"column":22}},"loc":{"start":{"line":42,"column":48},"end":{"line":52,"column":3}},"line":42},"2":{"name":"(anonymous_2)","decl":{"start":{"line":44,"column":12},"end":{"line":44,"column":13}},"loc":{"start":{"line":44,"column":30},"end":{"line":48,"column":7}},"line":44},"3":{"name":"(anonymous_3)","decl":{"start":{"line":49,"column":13},"end":{"line":49,"column":14}},"loc":{"start":{"line":49,"column":22},"end":{"line":51,"column":7}},"line":49},"4":{"name":"(anonymous_4)","decl":{"start":{"line":55,"column":22},"end":{"line":55,"column":23}},"loc":{"start":{"line":55,"column":34},"end":{"line":62,"column":3}},"line":55},"5":{"name":"(anonymous_5)","decl":{"start":{"line":65,"column":21},"end":{"line":65,"column":22}},"loc":{"start":{"line":65,"column":33},"end":{"line":74,"column":3}},"line":65},"6":{"name":"(anonymous_6)","decl":{"start":{"line":79,"column":29},"end":{"line":79,"column":30}},"loc":{"start":{"line":79,"column":68},"end":{"line":84,"column":3}},"line":79},"7":{"name":"(anonymous_7)","decl":{"start":{"line":87,"column":29},"end":{"line":87,"column":30}},"loc":{"start":{"line":87,"column":59},"end":{"line":91,"column":3}},"line":87},"8":{"name":"(anonymous_8)","decl":{"start":{"line":94,"column":31},"end":{"line":94,"column":32}},"loc":{"start":{"line":94,"column":50},"end":{"line":98,"column":3}},"line":94},"9":{"name":"(anonymous_9)","decl":{"start":{"line":101,"column":37},"end":{"line":101,"column":38}},"loc":{"start":{"line":101,"column":66},"end":{"line":104,"column":3}},"line":101},"10":{"name":"(anonymous_10)","decl":{"start":{"line":109,"column":26},"end":{"line":109,"column":27}},"loc":{"start":{"line":109,"column":65},"end":{"line":114,"column":3}},"line":109},"11":{"name":"(anonymous_11)","decl":{"start":{"line":117,"column":26},"end":{"line":117,"column":27}},"loc":{"start":{"line":117,"column":53},"end":{"line":121,"column":3}},"line":117},"12":{"name":"(anonymous_12)","decl":{"start":{"line":124,"column":28},"end":{"line":124,"column":29}},"loc":{"start":{"line":124,"column":42},"end":{"line":127,"column":3}},"line":124},"13":{"name":"(anonymous_13)","decl":{"start":{"line":130,"column":34},"end":{"line":130,"column":35}},"loc":{"start":{"line":130,"column":63},"end":{"line":133,"column":3}},"line":130},"14":{"name":"(anonymous_14)","decl":{"start":{"line":138,"column":26},"end":{"line":138,"column":27}},"loc":{"start":{"line":138,"column":45},"end":{"line":142,"column":3}},"line":138},"15":{"name":"(anonymous_15)","decl":{"start":{"line":145,"column":24},"end":{"line":145,"column":25}},"loc":{"start":{"line":145,"column":41},"end":{"line":148,"column":3}},"line":145}},"branchMap":{},"s":{"0":2,"1":2,"2":22,"3":22,"4":22,"5":22,"6":22,"7":22,"8":22,"9":22,"10":22,"11":22,"12":0,"13":0,"14":0,"15":3,"16":22,"17":0,"18":0,"19":0,"20":0,"21":0,"22":0,"23":22,"24":0,"25":0,"26":0,"27":0,"28":0,"29":0,"30":0,"31":0,"32":22,"33":0,"34":0,"35":0,"36":0,"37":22,"38":0,"39":0,"40":0,"41":22,"42":0,"43":0,"44":0,"45":22,"46":0,"47":0,"48":22,"49":0,"50":0,"51":0,"52":0,"53":22,"54":0,"55":0,"56":0,"57":22,"58":0,"59":0,"60":22,"61":0,"62":0,"63":22,"64":0,"65":0,"66":0,"67":22,"68":0,"69":0,"70":22},"f":{"0":22,"1":22,"2":0,"3":3,"4":0,"5":0,"6":0,"7":0,"8":0,"9":0,"10":0,"11":0,"12":0,"13":0,"14":0,"15":0},"b":{},"_coverageSchema":"1a1c01bbd47fc00a2c39e90264f33305004495a9","hash":"5286228a4025a5c1bbf9f4209d673eafbc382bea"}
,"/Users/harneet/Desktop/CSE_118/Assignment9/src/Repo/ChannelRepo.js": {"path":"/Users/harneet/Desktop/CSE_118/Assignment9/src/Repo/ChannelRepo.js","statementMap":{"0":{"start":{"line":5,"column":19},"end":{"line":25,"column":1}},"1":{"start":{"line":7,"column":2},"end":{"line":23,"column":7}},"2":{"start":{"line":17,"column":6},"end":{"line":17,"column":29}},"3":{"start":{"line":22,"column":6},"end":{"line":22,"column":22}},"4":{"start":{"line":24,"column":2},"end":{"line":24,"column":18}},"5":{"start":{"line":27,"column":19},"end":{"line":50,"column":1}},"6":{"start":{"line":29,"column":2},"end":{"line":48,"column":7}},"7":{"start":{"line":42,"column":6},"end":{"line":42,"column":29}},"8":{"start":{"line":47,"column":6},"end":{"line":47,"column":24}},"9":{"start":{"line":49,"column":2},"end":{"line":49,"column":20}},"10":{"start":{"line":52,"column":22},"end":{"line":59,"column":1}},"11":{"start":{"line":53,"column":2},"end":{"line":58,"column":5}}},"fnMap":{"0":{"name":"(anonymous_0)","decl":{"start":{"line":5,"column":19},"end":{"line":5,"column":20}},"loc":{"start":{"line":5,"column":46},"end":{"line":25,"column":1}},"line":5},"1":{"name":"(anonymous_1)","decl":{"start":{"line":15,"column":10},"end":{"line":15,"column":11}},"loc":{"start":{"line":15,"column":22},"end":{"line":20,"column":5}},"line":15},"2":{"name":"(anonymous_2)","decl":{"start":{"line":21,"column":10},"end":{"line":21,"column":11}},"loc":{"start":{"line":21,"column":18},"end":{"line":23,"column":5}},"line":21},"3":{"name":"(anonymous_3)","decl":{"start":{"line":27,"column":19},"end":{"line":27,"column":20}},"loc":{"start":{"line":27,"column":52},"end":{"line":50,"column":1}},"line":27},"4":{"name":"(anonymous_4)","decl":{"start":{"line":40,"column":10},"end":{"line":40,"column":11}},"loc":{"start":{"line":40,"column":22},"end":{"line":45,"column":5}},"line":40},"5":{"name":"(anonymous_5)","decl":{"start":{"line":46,"column":10},"end":{"line":46,"column":11}},"loc":{"start":{"line":46,"column":18},"end":{"line":48,"column":5}},"line":46},"6":{"name":"(anonymous_6)","decl":{"start":{"line":52,"column":22},"end":{"line":52,"column":23}},"loc":{"start":{"line":52,"column":47},"end":{"line":59,"column":1}},"line":52}},"branchMap":{},"s":{"0":2,"1":0,"2":0,"3":0,"4":0,"5":2,"6":0,"7":0,"8":0,"9":0,"10":2,"11":0},"f":{"0":0,"1":0,"2":0,"3":0,"4":0,"5":0,"6":0},"b":{},"_coverageSchema":"1a1c01bbd47fc00a2c39e90264f33305004495a9","hash":"2110dae00d41b3c9535b03545bfecc8eae793e6d"}
,"/Users/harneet/Desktop/CSE_118/Assignment9/src/Repo/MemberRepo.js": {"path":"/Users/harneet/Desktop/CSE_118/Assignment9/src/Repo/MemberRepo.js","statementMap":{"0":{"start":{"line":5,"column":19},"end":{"line":25,"column":1}},"1":{"start":{"line":7,"column":2},"end":{"line":23,"column":7}},"2":{"start":{"line":17,"column":6},"end":{"line":17,"column":29}},"3":{"start":{"line":22,"column":6},"end":{"line":22,"column":21}},"4":{"start":{"line":24,"column":2},"end":{"line":24,"column":17}},"5":{"start":{"line":27,"column":37},"end":{"line":47,"column":1}},"6":{"start":{"line":29,"column":2},"end":{"line":45,"column":7}},"7":{"start":{"line":39,"column":6},"end":{"line":39,"column":29}},"8":{"start":{"line":44,"column":6},"end":{"line":44,"column":21}},"9":{"start":{"line":46,"column":2},"end":{"line":46,"column":17}},"10":{"start":{"line":49,"column":36},"end":{"line":61,"column":1}},"11":{"start":{"line":51,"column":2},"end":{"line":59,"column":4}},"12":{"start":{"line":60,"column":2},"end":{"line":60,"column":19}},"13":{"start":{"line":63,"column":39},"end":{"line":75,"column":1}},"14":{"start":{"line":65,"column":2},"end":{"line":73,"column":4}},"15":{"start":{"line":74,"column":2},"end":{"line":74,"column":19}}},"fnMap":{"0":{"name":"(anonymous_0)","decl":{"start":{"line":5,"column":19},"end":{"line":5,"column":20}},"loc":{"start":{"line":5,"column":33},"end":{"line":25,"column":1}},"line":5},"1":{"name":"(anonymous_1)","decl":{"start":{"line":15,"column":10},"end":{"line":15,"column":11}},"loc":{"start":{"line":15,"column":22},"end":{"line":20,"column":5}},"line":15},"2":{"name":"(anonymous_2)","decl":{"start":{"line":21,"column":10},"end":{"line":21,"column":11}},"loc":{"start":{"line":21,"column":18},"end":{"line":23,"column":5}},"line":21},"3":{"name":"(anonymous_3)","decl":{"start":{"line":27,"column":37},"end":{"line":27,"column":38}},"loc":{"start":{"line":27,"column":64},"end":{"line":47,"column":1}},"line":27},"4":{"name":"(anonymous_4)","decl":{"start":{"line":37,"column":10},"end":{"line":37,"column":11}},"loc":{"start":{"line":37,"column":22},"end":{"line":42,"column":5}},"line":37},"5":{"name":"(anonymous_5)","decl":{"start":{"line":43,"column":10},"end":{"line":43,"column":11}},"loc":{"start":{"line":43,"column":18},"end":{"line":45,"column":5}},"line":43},"6":{"name":"(anonymous_6)","decl":{"start":{"line":49,"column":36},"end":{"line":49,"column":37}},"loc":{"start":{"line":49,"column":71},"end":{"line":61,"column":1}},"line":49},"7":{"name":"(anonymous_7)","decl":{"start":{"line":63,"column":39},"end":{"line":63,"column":40}},"loc":{"start":{"line":63,"column":74},"end":{"line":75,"column":1}},"line":63}},"branchMap":{},"s":{"0":2,"1":0,"2":0,"3":0,"4":0,"5":2,"6":0,"7":0,"8":0,"9":0,"10":2,"11":0,"12":0,"13":2,"14":0,"15":0},"f":{"0":0,"1":0,"2":0,"3":0,"4":0,"5":0,"6":0,"7":0},"b":{},"_coverageSchema":"1a1c01bbd47fc00a2c39e90264f33305004495a9","hash":"7d3ce69274badf2f039c6907f243f44490769f30"}
,"/Users/harneet/Desktop/CSE_118/Assignment9/src/Repo/MessageRepo.js": {"path":"/Users/harneet/Desktop/CSE_118/Assignment9/src/Repo/MessageRepo.js","statementMap":{"0":{"start":{"line":5,"column":19},"end":{"line":25,"column":1}},"1":{"start":{"line":7,"column":2},"end":{"line":23,"column":7}},"2":{"start":{"line":17,"column":6},"end":{"line":17,"column":29}},"3":{"start":{"line":22,"column":6},"end":{"line":22,"column":22}},"4":{"start":{"line":24,"column":2},"end":{"line":24,"column":18}},"5":{"start":{"line":27,"column":19},"end":{"line":49,"column":1}},"6":{"start":{"line":29,"column":2},"end":{"line":47,"column":7}},"7":{"start":{"line":42,"column":6},"end":{"line":42,"column":29}},"8":{"start":{"line":46,"column":6},"end":{"line":46,"column":24}},"9":{"start":{"line":48,"column":2},"end":{"line":48,"column":20}},"10":{"start":{"line":51,"column":22},"end":{"line":58,"column":1}},"11":{"start":{"line":52,"column":2},"end":{"line":57,"column":5}}},"fnMap":{"0":{"name":"(anonymous_0)","decl":{"start":{"line":5,"column":19},"end":{"line":5,"column":20}},"loc":{"start":{"line":5,"column":44},"end":{"line":25,"column":1}},"line":5},"1":{"name":"(anonymous_1)","decl":{"start":{"line":15,"column":10},"end":{"line":15,"column":11}},"loc":{"start":{"line":15,"column":22},"end":{"line":20,"column":5}},"line":15},"2":{"name":"(anonymous_2)","decl":{"start":{"line":21,"column":10},"end":{"line":21,"column":11}},"loc":{"start":{"line":21,"column":18},"end":{"line":23,"column":5}},"line":21},"3":{"name":"(anonymous_3)","decl":{"start":{"line":27,"column":19},"end":{"line":27,"column":20}},"loc":{"start":{"line":27,"column":53},"end":{"line":49,"column":1}},"line":27},"4":{"name":"(anonymous_4)","decl":{"start":{"line":40,"column":10},"end":{"line":40,"column":11}},"loc":{"start":{"line":40,"column":22},"end":{"line":44,"column":5}},"line":40},"5":{"name":"(anonymous_5)","decl":{"start":{"line":45,"column":10},"end":{"line":45,"column":11}},"loc":{"start":{"line":45,"column":18},"end":{"line":47,"column":5}},"line":45},"6":{"name":"(anonymous_6)","decl":{"start":{"line":51,"column":22},"end":{"line":51,"column":23}},"loc":{"start":{"line":51,"column":47},"end":{"line":58,"column":1}},"line":51}},"branchMap":{},"s":{"0":2,"1":0,"2":0,"3":0,"4":0,"5":2,"6":0,"7":0,"8":0,"9":0,"10":2,"11":0},"f":{"0":0,"1":0,"2":0,"3":0,"4":0,"5":0,"6":0},"b":{},"_coverageSchema":"1a1c01bbd47fc00a2c39e90264f33305004495a9","hash":"ba82fc3d566256bf336d2121115f597663913e1f"}
,"/Users/harneet/Desktop/CSE_118/Assignment9/src/Repo/SystemRepo.js": {"path":"/Users/harneet/Desktop/CSE_118/Assignment9/src/Repo/SystemRepo.js","statementMap":{"0":{"start":{"line":5,"column":21},"end":{"line":28,"column":1}},"1":{"start":{"line":7,"column":2},"end":{"line":26,"column":7}},"2":{"start":{"line":19,"column":6},"end":{"line":21,"column":7}},"3":{"start":{"line":20,"column":8},"end":{"line":20,"column":31}},"4":{"start":{"line":22,"column":6},"end":{"line":22,"column":44}},"5":{"start":{"line":25,"column":6},"end":{"line":25,"column":18}},"6":{"start":{"line":27,"column":2},"end":{"line":27,"column":14}},"7":{"start":{"line":30,"column":21},"end":{"line":38,"column":1}},"8":{"start":{"line":31,"column":2},"end":{"line":37,"column":5}}},"fnMap":{"0":{"name":"(anonymous_0)","decl":{"start":{"line":5,"column":21},"end":{"line":5,"column":22}},"loc":{"start":{"line":5,"column":48},"end":{"line":28,"column":1}},"line":5},"1":{"name":"(anonymous_1)","decl":{"start":{"line":18,"column":10},"end":{"line":18,"column":11}},"loc":{"start":{"line":18,"column":22},"end":{"line":23,"column":5}},"line":18},"2":{"name":"(anonymous_2)","decl":{"start":{"line":24,"column":10},"end":{"line":24,"column":11}},"loc":{"start":{"line":24,"column":18},"end":{"line":26,"column":5}},"line":24},"3":{"name":"(anonymous_3)","decl":{"start":{"line":30,"column":21},"end":{"line":30,"column":22}},"loc":{"start":{"line":30,"column":35},"end":{"line":38,"column":1}},"line":30}},"branchMap":{"0":{"loc":{"start":{"line":19,"column":6},"end":{"line":21,"column":7}},"type":"if","locations":[{"start":{"line":19,"column":6},"end":{"line":21,"column":7}},{"start":{},"end":{}}],"line":19}},"s":{"0":2,"1":22,"2":0,"3":0,"4":0,"5":0,"6":0,"7":2,"8":0},"f":{"0":22,"1":0,"2":0,"3":0},"b":{"0":[0,0]},"_coverageSchema":"1a1c01bbd47fc00a2c39e90264f33305004495a9","hash":"fd8372e59671253b29dcfaaa1c32b3cd34a7c01e"}
,"/Users/harneet/Desktop/CSE_118/Assignment9/src/Repo/WorkspaceRepo.js": {"path":"/Users/harneet/Desktop/CSE_118/Assignment9/src/Repo/WorkspaceRepo.js","statementMap":{"0":{"start":{"line":5,"column":19},"end":{"line":25,"column":1}},"1":{"start":{"line":7,"column":2},"end":{"line":23,"column":7}},"2":{"start":{"line":17,"column":6},"end":{"line":17,"column":29}},"3":{"start":{"line":22,"column":6},"end":{"line":22,"column":24}},"4":{"start":{"line":24,"column":2},"end":{"line":24,"column":20}},"5":{"start":{"line":27,"column":19},"end":{"line":50,"column":1}},"6":{"start":{"line":29,"column":2},"end":{"line":48,"column":7}},"7":{"start":{"line":42,"column":6},"end":{"line":42,"column":29}},"8":{"start":{"line":47,"column":6},"end":{"line":47,"column":26}},"9":{"start":{"line":49,"column":2},"end":{"line":49,"column":22}},"10":{"start":{"line":52,"column":22},"end":{"line":59,"column":1}},"11":{"start":{"line":53,"column":2},"end":{"line":58,"column":5}}},"fnMap":{"0":{"name":"(anonymous_0)","decl":{"start":{"line":5,"column":19},"end":{"line":5,"column":20}},"loc":{"start":{"line":5,"column":33},"end":{"line":25,"column":1}},"line":5},"1":{"name":"(anonymous_1)","decl":{"start":{"line":15,"column":10},"end":{"line":15,"column":11}},"loc":{"start":{"line":15,"column":22},"end":{"line":20,"column":5}},"line":15},"2":{"name":"(anonymous_2)","decl":{"start":{"line":21,"column":10},"end":{"line":21,"column":11}},"loc":{"start":{"line":21,"column":18},"end":{"line":23,"column":5}},"line":21},"3":{"name":"(anonymous_3)","decl":{"start":{"line":27,"column":19},"end":{"line":27,"column":20}},"loc":{"start":{"line":27,"column":41},"end":{"line":50,"column":1}},"line":27},"4":{"name":"(anonymous_4)","decl":{"start":{"line":40,"column":10},"end":{"line":40,"column":11}},"loc":{"start":{"line":40,"column":22},"end":{"line":45,"column":5}},"line":40},"5":{"name":"(anonymous_5)","decl":{"start":{"line":46,"column":10},"end":{"line":46,"column":11}},"loc":{"start":{"line":46,"column":18},"end":{"line":48,"column":5}},"line":46},"6":{"name":"(anonymous_6)","decl":{"start":{"line":52,"column":22},"end":{"line":52,"column":23}},"loc":{"start":{"line":52,"column":49},"end":{"line":59,"column":1}},"line":52}},"branchMap":{},"s":{"0":2,"1":0,"2":0,"3":0,"4":0,"5":2,"6":0,"7":0,"8":0,"9":0,"10":2,"11":0},"f":{"0":0,"1":0,"2":0,"3":0,"4":0,"5":0,"6":0},"b":{},"_coverageSchema":"1a1c01bbd47fc00a2c39e90264f33305004495a9","hash":"310da07295861ca6d2dac95935aa80a746ae736a"}
,"/Users/harneet/Desktop/CSE_118/Assignment9/src/UI/AddChannelView.js": {"path":"/Users/harneet/Desktop/CSE_118/Assignment9/src/UI/AddChannelView.js","statementMap":{"0":{"start":{"line":5,"column":23},"end":{"line":42,"column":1}},"1":{"start":{"line":6,"column":47},"end":{"line":6,"column":75}},"2":{"start":{"line":7,"column":26},"end":{"line":7,"column":38}},"3":{"start":{"line":9,"column":27},"end":{"line":12,"column":3}},"4":{"start":{"line":10,"column":4},"end":{"line":10,"column":51}},"5":{"start":{"line":11,"column":4},"end":{"line":11,"column":24}},"6":{"start":{"line":14,"column":24},"end":{"line":14,"column":39}},"7":{"start":{"line":16,"column":2},"end":{"line":41,"column":4}},"8":{"start":{"line":23,"column":32},"end":{"line":23,"column":45}},"9":{"start":{"line":44,"column":15},"end":{"line":69,"column":2}}},"fnMap":{"0":{"name":"(anonymous_0)","decl":{"start":{"line":5,"column":23},"end":{"line":5,"column":24}},"loc":{"start":{"line":5,"column":41},"end":{"line":42,"column":1}},"line":5},"1":{"name":"(anonymous_1)","decl":{"start":{"line":9,"column":27},"end":{"line":9,"column":28}},"loc":{"start":{"line":9,"column":39},"end":{"line":12,"column":3}},"line":9},"2":{"name":"(anonymous_2)","decl":{"start":{"line":23,"column":24},"end":{"line":23,"column":25}},"loc":{"start":{"line":23,"column":32},"end":{"line":23,"column":45}},"line":23}},"branchMap":{},"s":{"0":2,"1":0,"2":0,"3":0,"4":0,"5":0,"6":0,"7":0,"8":0,"9":2},"f":{"0":0,"1":0,"2":0},"b":{},"_coverageSchema":"1a1c01bbd47fc00a2c39e90264f33305004495a9","hash":"f0e4de5da298eac3d7f1ff5beb772a890b2d9d24"}
,"/Users/harneet/Desktop/CSE_118/Assignment9/src/UI/AddMemberCard.js": {"path":"/Users/harneet/Desktop/CSE_118/Assignment9/src/UI/AddMemberCard.js","statementMap":{"0":{"start":{"line":8,"column":22},"end":{"line":46,"column":1}},"1":{"start":{"line":10,"column":4},"end":{"line":10,"column":38}},"2":{"start":{"line":14,"column":23},"end":{"line":14,"column":41}},"3":{"start":{"line":16,"column":35},"end":{"line":19,"column":3}},"4":{"start":{"line":17,"column":4},"end":{"line":17,"column":56}},"5":{"start":{"line":18,"column":4},"end":{"line":18,"column":33}},"6":{"start":{"line":21,"column":28},"end":{"line":31,"column":3}},"7":{"start":{"line":22,"column":4},"end":{"line":30,"column":6}},"8":{"start":{"line":23,"column":47},"end":{"line":23,"column":73}},"9":{"start":{"line":35,"column":2},"end":{"line":45,"column":4}},"10":{"start":{"line":48,"column":15},"end":{"line":66,"column":2}}},"fnMap":{"0":{"name":"(anonymous_0)","decl":{"start":{"line":8,"column":22},"end":{"line":8,"column":23}},"loc":{"start":{"line":8,"column":37},"end":{"line":46,"column":1}},"line":8},"1":{"name":"(anonymous_1)","decl":{"start":{"line":16,"column":35},"end":{"line":16,"column":36}},"loc":{"start":{"line":16,"column":41},"end":{"line":19,"column":3}},"line":16},"2":{"name":"(anonymous_2)","decl":{"start":{"line":21,"column":28},"end":{"line":21,"column":29}},"loc":{"start":{"line":21,"column":34},"end":{"line":31,"column":3}},"line":21},"3":{"name":"(anonymous_3)","decl":{"start":{"line":23,"column":41},"end":{"line":23,"column":42}},"loc":{"start":{"line":23,"column":47},"end":{"line":23,"column":73}},"line":23}},"branchMap":{},"s":{"0":2,"1":0,"2":0,"3":0,"4":0,"5":0,"6":0,"7":0,"8":0,"9":0,"10":2},"f":{"0":0,"1":0,"2":0,"3":0},"b":{},"_coverageSchema":"1a1c01bbd47fc00a2c39e90264f33305004495a9","hash":"27b73c14235014470bd768ce1f2818bfa603e796"}
,"/Users/harneet/Desktop/CSE_118/Assignment9/src/UI/AddMemberList.js": {"path":"/Users/harneet/Desktop/CSE_118/Assignment9/src/UI/AddMemberList.js","statementMap":{"0":{"start":{"line":6,"column":19},"end":{"line":27,"column":1}},"1":{"start":{"line":8,"column":4},"end":{"line":8,"column":32}},"2":{"start":{"line":10,"column":23},"end":{"line":13,"column":3}},"3":{"start":{"line":12,"column":6},"end":{"line":12,"column":76}},"4":{"start":{"line":15,"column":2},"end":{"line":26,"column":4}},"5":{"start":{"line":20,"column":30},"end":{"line":20,"column":37}},"6":{"start":{"line":22,"column":10},"end":{"line":22,"column":66}},"7":{"start":{"line":29,"column":15},"end":{"line":34,"column":2}}},"fnMap":{"0":{"name":"(anonymous_0)","decl":{"start":{"line":6,"column":19},"end":{"line":6,"column":20}},"loc":{"start":{"line":6,"column":37},"end":{"line":27,"column":1}},"line":6},"1":{"name":"(anonymous_1)","decl":{"start":{"line":11,"column":4},"end":{"line":11,"column":5}},"loc":{"start":{"line":12,"column":6},"end":{"line":12,"column":76}},"line":12},"2":{"name":"(anonymous_2)","decl":{"start":{"line":20,"column":22},"end":{"line":20,"column":23}},"loc":{"start":{"line":20,"column":30},"end":{"line":20,"column":37}},"line":20},"3":{"name":"(anonymous_3)","decl":{"start":{"line":21,"column":20},"end":{"line":21,"column":21}},"loc":{"start":{"line":22,"column":10},"end":{"line":22,"column":66}},"line":22}},"branchMap":{"0":{"loc":{"start":{"line":12,"column":6},"end":{"line":12,"column":76}},"type":"binary-expr","locations":[{"start":{"line":12,"column":6},"end":{"line":12,"column":27}},{"start":{"line":12,"column":31},"end":{"line":12,"column":76}}],"line":12}},"s":{"0":2,"1":0,"2":0,"3":0,"4":0,"5":0,"6":0,"7":2},"f":{"0":0,"1":0,"2":0,"3":0},"b":{"0":[0,0]},"_coverageSchema":"1a1c01bbd47fc00a2c39e90264f33305004495a9","hash":"04597236790b0245d453304965bd5654a2269ef3"}
,"/Users/harneet/Desktop/CSE_118/Assignment9/src/UI/AddMessageView.js": {"path":"/Users/harneet/Desktop/CSE_118/Assignment9/src/UI/AddMessageView.js","statementMap":{"0":{"start":{"line":5,"column":23},"end":{"line":45,"column":1}},"1":{"start":{"line":7,"column":4},"end":{"line":7,"column":32}},"2":{"start":{"line":8,"column":32},"end":{"line":8,"column":44}},"3":{"start":{"line":10,"column":27},"end":{"line":13,"column":3}},"4":{"start":{"line":11,"column":4},"end":{"line":11,"column":71}},"5":{"start":{"line":12,"column":4},"end":{"line":12,"column":24}},"6":{"start":{"line":15,"column":24},"end":{"line":15,"column":42}},"7":{"start":{"line":17,"column":2},"end":{"line":44,"column":4}},"8":{"start":{"line":24,"column":32},"end":{"line":24,"column":48}},"9":{"start":{"line":47,"column":15},"end":{"line":72,"column":2}}},"fnMap":{"0":{"name":"(anonymous_0)","decl":{"start":{"line":5,"column":23},"end":{"line":5,"column":24}},"loc":{"start":{"line":5,"column":41},"end":{"line":45,"column":1}},"line":5},"1":{"name":"(anonymous_1)","decl":{"start":{"line":10,"column":27},"end":{"line":10,"column":28}},"loc":{"start":{"line":10,"column":39},"end":{"line":13,"column":3}},"line":10},"2":{"name":"(anonymous_2)","decl":{"start":{"line":24,"column":24},"end":{"line":24,"column":25}},"loc":{"start":{"line":24,"column":32},"end":{"line":24,"column":48}},"line":24}},"branchMap":{},"s":{"0":2,"1":0,"2":0,"3":0,"4":0,"5":0,"6":0,"7":0,"8":0,"9":2},"f":{"0":0,"1":0,"2":0},"b":{},"_coverageSchema":"1a1c01bbd47fc00a2c39e90264f33305004495a9","hash":"d9f30c17e6125e3a3aa0dbf7e48712f91716d4f9"}
,"/Users/harneet/Desktop/CSE_118/Assignment9/src/UI/AddWorkspaceView.js": {"path":"/Users/harneet/Desktop/CSE_118/Assignment9/src/UI/AddWorkspaceView.js","statementMap":{"0":{"start":{"line":5,"column":25},"end":{"line":42,"column":1}},"1":{"start":{"line":6,"column":30},"end":{"line":6,"column":58}},"2":{"start":{"line":7,"column":26},"end":{"line":7,"column":38}},"3":{"start":{"line":9,"column":29},"end":{"line":12,"column":3}},"4":{"start":{"line":10,"column":4},"end":{"line":10,"column":34}},"5":{"start":{"line":11,"column":4},"end":{"line":11,"column":24}},"6":{"start":{"line":14,"column":24},"end":{"line":14,"column":39}},"7":{"start":{"line":16,"column":2},"end":{"line":41,"column":4}},"8":{"start":{"line":23,"column":32},"end":{"line":23,"column":45}},"9":{"start":{"line":44,"column":15},"end":{"line":69,"column":2}}},"fnMap":{"0":{"name":"(anonymous_0)","decl":{"start":{"line":5,"column":25},"end":{"line":5,"column":26}},"loc":{"start":{"line":5,"column":43},"end":{"line":42,"column":1}},"line":5},"1":{"name":"(anonymous_1)","decl":{"start":{"line":9,"column":29},"end":{"line":9,"column":30}},"loc":{"start":{"line":9,"column":41},"end":{"line":12,"column":3}},"line":9},"2":{"name":"(anonymous_2)","decl":{"start":{"line":23,"column":24},"end":{"line":23,"column":25}},"loc":{"start":{"line":23,"column":32},"end":{"line":23,"column":45}},"line":23}},"branchMap":{},"s":{"0":2,"1":0,"2":0,"3":0,"4":0,"5":0,"6":0,"7":0,"8":0,"9":2},"f":{"0":0,"1":0,"2":0},"b":{},"_coverageSchema":"1a1c01bbd47fc00a2c39e90264f33305004495a9","hash":"8d5293c299552c63073d78cc22efc925a4529ba8"}
,"/Users/harneet/Desktop/CSE_118/Assignment9/src/UI/ChannelCard.js": {"path":"/Users/harneet/Desktop/CSE_118/Assignment9/src/UI/ChannelCard.js","statementMap":{"0":{"start":{"line":8,"column":20},"end":{"line":62,"column":1}},"1":{"start":{"line":10,"column":4},"end":{"line":10,"column":38}},"2":{"start":{"line":14,"column":23},"end":{"line":14,"column":41}},"3":{"start":{"line":16,"column":30},"end":{"line":19,"column":3}},"4":{"start":{"line":17,"column":4},"end":{"line":17,"column":51}},"5":{"start":{"line":18,"column":4},"end":{"line":18,"column":33}},"6":{"start":{"line":21,"column":28},"end":{"line":33,"column":3}},"7":{"start":{"line":22,"column":4},"end":{"line":32,"column":6}},"8":{"start":{"line":23,"column":47},"end":{"line":23,"column":68}},"9":{"start":{"line":36,"column":19},"end":{"line":36,"column":54}},"10":{"start":{"line":40,"column":2},"end":{"line":61,"column":4}},"11":{"start":{"line":46,"column":10},"end":{"line":46,"column":33}},"12":{"start":{"line":47,"column":10},"end":{"line":47,"column":62}},"13":{"start":{"line":64,"column":15},"end":{"line":85,"column":2}}},"fnMap":{"0":{"name":"(anonymous_0)","decl":{"start":{"line":8,"column":20},"end":{"line":8,"column":21}},"loc":{"start":{"line":8,"column":47},"end":{"line":62,"column":1}},"line":8},"1":{"name":"(anonymous_1)","decl":{"start":{"line":16,"column":30},"end":{"line":16,"column":31}},"loc":{"start":{"line":16,"column":36},"end":{"line":19,"column":3}},"line":16},"2":{"name":"(anonymous_2)","decl":{"start":{"line":21,"column":28},"end":{"line":21,"column":29}},"loc":{"start":{"line":21,"column":34},"end":{"line":33,"column":3}},"line":21},"3":{"name":"(anonymous_3)","decl":{"start":{"line":23,"column":41},"end":{"line":23,"column":42}},"loc":{"start":{"line":23,"column":47},"end":{"line":23,"column":68}},"line":23},"4":{"name":"(anonymous_4)","decl":{"start":{"line":45,"column":17},"end":{"line":45,"column":18}},"loc":{"start":{"line":45,"column":23},"end":{"line":48,"column":9}},"line":45}},"branchMap":{"0":{"loc":{"start":{"line":43,"column":26},"end":{"line":43,"column":61}},"type":"cond-expr","locations":[{"start":{"line":43,"column":37},"end":{"line":43,"column":54}},{"start":{"line":43,"column":57},"end":{"line":43,"column":61}}],"line":43},"1":{"loc":{"start":{"line":55,"column":15},"end":{"line":55,"column":59}},"type":"cond-expr","locations":[{"start":{"line":55,"column":38},"end":{"line":55,"column":54}},{"start":{"line":55,"column":57},"end":{"line":55,"column":59}}],"line":55}},"s":{"0":2,"1":0,"2":0,"3":0,"4":0,"5":0,"6":0,"7":0,"8":0,"9":0,"10":0,"11":0,"12":0,"13":2},"f":{"0":0,"1":0,"2":0,"3":0,"4":0},"b":{"0":[0,0],"1":[0,0]},"_coverageSchema":"1a1c01bbd47fc00a2c39e90264f33305004495a9","hash":"10d445d14b3fde11be6f78de94f13a1347c55d2b"}
,"/Users/harneet/Desktop/CSE_118/Assignment9/src/UI/ChannelList.js": {"path":"/Users/harneet/Desktop/CSE_118/Assignment9/src/UI/ChannelList.js","statementMap":{"0":{"start":{"line":6,"column":20},"end":{"line":19,"column":1}},"1":{"start":{"line":7,"column":21},"end":{"line":7,"column":49}},"2":{"start":{"line":8,"column":2},"end":{"line":18,"column":4}},"3":{"start":{"line":12,"column":30},"end":{"line":12,"column":37}},"4":{"start":{"line":14,"column":10},"end":{"line":14,"column":64}},"5":{"start":{"line":21,"column":15},"end":{"line":26,"column":2}}},"fnMap":{"0":{"name":"(anonymous_0)","decl":{"start":{"line":6,"column":20},"end":{"line":6,"column":21}},"loc":{"start":{"line":6,"column":38},"end":{"line":19,"column":1}},"line":6},"1":{"name":"(anonymous_1)","decl":{"start":{"line":12,"column":22},"end":{"line":12,"column":23}},"loc":{"start":{"line":12,"column":30},"end":{"line":12,"column":37}},"line":12},"2":{"name":"(anonymous_2)","decl":{"start":{"line":13,"column":20},"end":{"line":13,"column":21}},"loc":{"start":{"line":14,"column":10},"end":{"line":14,"column":64}},"line":14}},"branchMap":{},"s":{"0":2,"1":0,"2":0,"3":0,"4":0,"5":2},"f":{"0":0,"1":0,"2":0},"b":{},"_coverageSchema":"1a1c01bbd47fc00a2c39e90264f33305004495a9","hash":"9cf6d6b797fc0fb2df00a9b813929fac2203a563"}
,"/Users/harneet/Desktop/CSE_118/Assignment9/src/UI/LoginView.js": {"path":"/Users/harneet/Desktop/CSE_118/Assignment9/src/UI/LoginView.js","statementMap":{"0":{"start":{"line":5,"column":18},"end":{"line":39,"column":1}},"1":{"start":{"line":6,"column":23},"end":{"line":6,"column":51}},"2":{"start":{"line":8,"column":28},"end":{"line":8,"column":40}},"3":{"start":{"line":9,"column":34},"end":{"line":9,"column":46}},"4":{"start":{"line":11,"column":22},"end":{"line":13,"column":3}},"5":{"start":{"line":12,"column":4},"end":{"line":12,"column":38}},"6":{"start":{"line":15,"column":2},"end":{"line":38,"column":4}},"7":{"start":{"line":22,"column":32},"end":{"line":22,"column":46}},"8":{"start":{"line":32,"column":32},"end":{"line":32,"column":49}},"9":{"start":{"line":41,"column":15},"end":{"line":58,"column":2}}},"fnMap":{"0":{"name":"(anonymous_0)","decl":{"start":{"line":5,"column":18},"end":{"line":5,"column":19}},"loc":{"start":{"line":5,"column":24},"end":{"line":39,"column":1}},"line":5},"1":{"name":"(anonymous_1)","decl":{"start":{"line":11,"column":22},"end":{"line":11,"column":23}},"loc":{"start":{"line":11,"column":34},"end":{"line":13,"column":3}},"line":11},"2":{"name":"(anonymous_2)","decl":{"start":{"line":22,"column":24},"end":{"line":22,"column":25}},"loc":{"start":{"line":22,"column":32},"end":{"line":22,"column":46}},"line":22},"3":{"name":"(anonymous_3)","decl":{"start":{"line":32,"column":24},"end":{"line":32,"column":25}},"loc":{"start":{"line":32,"column":32},"end":{"line":32,"column":49}},"line":32}},"branchMap":{},"s":{"0":2,"1":66,"2":66,"3":66,"4":66,"5":22,"6":66,"7":22,"8":22,"9":2},"f":{"0":66,"1":22,"2":22,"3":22},"b":{},"_coverageSchema":"1a1c01bbd47fc00a2c39e90264f33305004495a9","hash":"07945bddf1162aec8e4cba30f1ed83abdfd705a7"}
,"/Users/harneet/Desktop/CSE_118/Assignment9/src/UI/MemberCard.js": {"path":"/Users/harneet/Desktop/CSE_118/Assignment9/src/UI/MemberCard.js","statementMap":{"0":{"start":{"line":8,"column":19},"end":{"line":47,"column":1}},"1":{"start":{"line":10,"column":4},"end":{"line":10,"column":38}},"2":{"start":{"line":14,"column":23},"end":{"line":14,"column":41}},"3":{"start":{"line":16,"column":38},"end":{"line":19,"column":3}},"4":{"start":{"line":17,"column":4},"end":{"line":17,"column":59}},"5":{"start":{"line":18,"column":4},"end":{"line":18,"column":33}},"6":{"start":{"line":21,"column":28},"end":{"line":33,"column":3}},"7":{"start":{"line":22,"column":4},"end":{"line":32,"column":6}},"8":{"start":{"line":23,"column":47},"end":{"line":23,"column":76}},"9":{"start":{"line":36,"column":2},"end":{"line":46,"column":4}},"10":{"start":{"line":49,"column":15},"end":{"line":67,"column":2}}},"fnMap":{"0":{"name":"(anonymous_0)","decl":{"start":{"line":8,"column":19},"end":{"line":8,"column":20}},"loc":{"start":{"line":8,"column":34},"end":{"line":47,"column":1}},"line":8},"1":{"name":"(anonymous_1)","decl":{"start":{"line":16,"column":38},"end":{"line":16,"column":39}},"loc":{"start":{"line":16,"column":44},"end":{"line":19,"column":3}},"line":16},"2":{"name":"(anonymous_2)","decl":{"start":{"line":21,"column":28},"end":{"line":21,"column":29}},"loc":{"start":{"line":21,"column":34},"end":{"line":33,"column":3}},"line":21},"3":{"name":"(anonymous_3)","decl":{"start":{"line":23,"column":41},"end":{"line":23,"column":42}},"loc":{"start":{"line":23,"column":47},"end":{"line":23,"column":76}},"line":23}},"branchMap":{},"s":{"0":2,"1":0,"2":0,"3":0,"4":0,"5":0,"6":0,"7":0,"8":0,"9":0,"10":2},"f":{"0":0,"1":0,"2":0,"3":0},"b":{},"_coverageSchema":"1a1c01bbd47fc00a2c39e90264f33305004495a9","hash":"5e906854e040d54d96e5f5e285ef91445f7f2914"}
,"/Users/harneet/Desktop/CSE_118/Assignment9/src/UI/MemberList.js": {"path":"/Users/harneet/Desktop/CSE_118/Assignment9/src/UI/MemberList.js","statementMap":{"0":{"start":{"line":6,"column":19},"end":{"line":20,"column":1}},"1":{"start":{"line":7,"column":37},"end":{"line":7,"column":65}},"2":{"start":{"line":8,"column":2},"end":{"line":19,"column":4}},"3":{"start":{"line":13,"column":30},"end":{"line":13,"column":37}},"4":{"start":{"line":15,"column":10},"end":{"line":15,"column":63}},"5":{"start":{"line":22,"column":15},"end":{"line":27,"column":2}}},"fnMap":{"0":{"name":"(anonymous_0)","decl":{"start":{"line":6,"column":19},"end":{"line":6,"column":20}},"loc":{"start":{"line":6,"column":37},"end":{"line":20,"column":1}},"line":6},"1":{"name":"(anonymous_1)","decl":{"start":{"line":13,"column":22},"end":{"line":13,"column":23}},"loc":{"start":{"line":13,"column":30},"end":{"line":13,"column":37}},"line":13},"2":{"name":"(anonymous_2)","decl":{"start":{"line":14,"column":20},"end":{"line":14,"column":21}},"loc":{"start":{"line":15,"column":10},"end":{"line":15,"column":63}},"line":15}},"branchMap":{},"s":{"0":2,"1":0,"2":0,"3":0,"4":0,"5":2},"f":{"0":0,"1":0,"2":0},"b":{},"_coverageSchema":"1a1c01bbd47fc00a2c39e90264f33305004495a9","hash":"010c4264ca07e8924e84b3421cd7d9c0545231d4"}
,"/Users/harneet/Desktop/CSE_118/Assignment9/src/UI/MessageCard.js": {"path":"/Users/harneet/Desktop/CSE_118/Assignment9/src/UI/MessageCard.js","statementMap":{"0":{"start":{"line":9,"column":19},"end":{"line":20,"column":1}},"1":{"start":{"line":10,"column":15},"end":{"line":10,"column":35}},"2":{"start":{"line":11,"column":18},"end":{"line":17,"column":3}},"3":{"start":{"line":19,"column":2},"end":{"line":19,"column":77}},"4":{"start":{"line":22,"column":20},"end":{"line":82,"column":1}},"5":{"start":{"line":29,"column":6},"end":{"line":29,"column":40}},"6":{"start":{"line":33,"column":23},"end":{"line":33,"column":41}},"7":{"start":{"line":35,"column":30},"end":{"line":38,"column":3}},"8":{"start":{"line":36,"column":4},"end":{"line":36,"column":68}},"9":{"start":{"line":37,"column":4},"end":{"line":37,"column":33}},"10":{"start":{"line":40,"column":28},"end":{"line":50,"column":3}},"11":{"start":{"line":41,"column":4},"end":{"line":49,"column":6}},"12":{"start":{"line":42,"column":47},"end":{"line":42,"column":68}},"13":{"start":{"line":54,"column":4},"end":{"line":54,"column":69}},"14":{"start":{"line":58,"column":2},"end":{"line":81,"column":4}},"15":{"start":{"line":64,"column":10},"end":{"line":64,"column":61}},"16":{"start":{"line":69,"column":38},"end":{"line":69,"column":66}},"17":{"start":{"line":84,"column":15},"end":{"line":113,"column":2}}},"fnMap":{"0":{"name":"(anonymous_0)","decl":{"start":{"line":9,"column":19},"end":{"line":9,"column":20}},"loc":{"start":{"line":9,"column":33},"end":{"line":20,"column":1}},"line":9},"1":{"name":"(anonymous_1)","decl":{"start":{"line":22,"column":20},"end":{"line":22,"column":21}},"loc":{"start":{"line":22,"column":47},"end":{"line":82,"column":1}},"line":22},"2":{"name":"(anonymous_2)","decl":{"start":{"line":35,"column":30},"end":{"line":35,"column":31}},"loc":{"start":{"line":35,"column":36},"end":{"line":38,"column":3}},"line":35},"3":{"name":"(anonymous_3)","decl":{"start":{"line":40,"column":28},"end":{"line":40,"column":29}},"loc":{"start":{"line":40,"column":34},"end":{"line":50,"column":3}},"line":40},"4":{"name":"(anonymous_4)","decl":{"start":{"line":42,"column":41},"end":{"line":42,"column":42}},"loc":{"start":{"line":42,"column":47},"end":{"line":42,"column":68}},"line":42},"5":{"name":"(anonymous_5)","decl":{"start":{"line":63,"column":17},"end":{"line":63,"column":18}},"loc":{"start":{"line":63,"column":23},"end":{"line":65,"column":9}},"line":63},"6":{"name":"(anonymous_6)","decl":{"start":{"line":69,"column":28},"end":{"line":69,"column":29}},"loc":{"start":{"line":69,"column":38},"end":{"line":69,"column":66}},"line":69}},"branchMap":{"0":{"loc":{"start":{"line":54,"column":4},"end":{"line":54,"column":69}},"type":"binary-expr","locations":[{"start":{"line":54,"column":4},"end":{"line":54,"column":30}},{"start":{"line":54,"column":34},"end":{"line":54,"column":69}}],"line":54},"1":{"loc":{"start":{"line":61,"column":26},"end":{"line":61,"column":61}},"type":"cond-expr","locations":[{"start":{"line":61,"column":37},"end":{"line":61,"column":54}},{"start":{"line":61,"column":57},"end":{"line":61,"column":61}}],"line":61}},"s":{"0":2,"1":0,"2":0,"3":0,"4":2,"5":0,"6":0,"7":0,"8":0,"9":0,"10":0,"11":0,"12":0,"13":0,"14":0,"15":0,"16":0,"17":2},"f":{"0":0,"1":0,"2":0,"3":0,"4":0,"5":0,"6":0},"b":{"0":[0,0],"1":[0,0]},"_coverageSchema":"1a1c01bbd47fc00a2c39e90264f33305004495a9","hash":"a5fd28bed10d6a810e214e05570e3b5465897ca7"}
,"/Users/harneet/Desktop/CSE_118/Assignment9/src/UI/MessageList.js": {"path":"/Users/harneet/Desktop/CSE_118/Assignment9/src/UI/MessageList.js","statementMap":{"0":{"start":{"line":6,"column":20},"end":{"line":19,"column":1}},"1":{"start":{"line":7,"column":21},"end":{"line":7,"column":49}},"2":{"start":{"line":8,"column":2},"end":{"line":18,"column":4}},"3":{"start":{"line":12,"column":30},"end":{"line":12,"column":37}},"4":{"start":{"line":14,"column":10},"end":{"line":14,"column":64}},"5":{"start":{"line":21,"column":15},"end":{"line":26,"column":2}}},"fnMap":{"0":{"name":"(anonymous_0)","decl":{"start":{"line":6,"column":20},"end":{"line":6,"column":21}},"loc":{"start":{"line":6,"column":38},"end":{"line":19,"column":1}},"line":6},"1":{"name":"(anonymous_1)","decl":{"start":{"line":12,"column":22},"end":{"line":12,"column":23}},"loc":{"start":{"line":12,"column":30},"end":{"line":12,"column":37}},"line":12},"2":{"name":"(anonymous_2)","decl":{"start":{"line":13,"column":20},"end":{"line":13,"column":21}},"loc":{"start":{"line":14,"column":10},"end":{"line":14,"column":64}},"line":14}},"branchMap":{},"s":{"0":2,"1":0,"2":0,"3":0,"4":0,"5":2},"f":{"0":0,"1":0,"2":0},"b":{},"_coverageSchema":"1a1c01bbd47fc00a2c39e90264f33305004495a9","hash":"9cf60b565fa116c2076369689c387fa10d3c1afb"}
,"/Users/harneet/Desktop/CSE_118/Assignment9/src/UI/MessageView.js": {"path":"/Users/harneet/Desktop/CSE_118/Assignment9/src/UI/MessageView.js","statementMap":{"0":{"start":{"line":6,"column":20},"end":{"line":13,"column":1}},"1":{"start":{"line":7,"column":20},"end":{"line":7,"column":32}},"2":{"start":{"line":8,"column":2},"end":{"line":12,"column":4}},"3":{"start":{"line":15,"column":15},"end":{"line":20,"column":2}}},"fnMap":{"0":{"name":"(anonymous_0)","decl":{"start":{"line":6,"column":20},"end":{"line":6,"column":21}},"loc":{"start":{"line":6,"column":33},"end":{"line":13,"column":1}},"line":6}},"branchMap":{},"s":{"0":2,"1":0,"2":0,"3":2},"f":{"0":0},"b":{},"_coverageSchema":"1a1c01bbd47fc00a2c39e90264f33305004495a9","hash":"587239d34e04ab059ee72c1f84fa6f7a5b12fe6b"}
,"/Users/harneet/Desktop/CSE_118/Assignment9/src/UI/SingleMessageCard.js": {"path":"/Users/harneet/Desktop/CSE_118/Assignment9/src/UI/SingleMessageCard.js","statementMap":{"0":{"start":{"line":5,"column":19},"end":{"line":16,"column":1}},"1":{"start":{"line":6,"column":15},"end":{"line":6,"column":35}},"2":{"start":{"line":7,"column":18},"end":{"line":13,"column":3}},"3":{"start":{"line":15,"column":2},"end":{"line":15,"column":77}},"4":{"start":{"line":18,"column":26},"end":{"line":25,"column":1}},"5":{"start":{"line":19,"column":2},"end":{"line":24,"column":4}},"6":{"start":{"line":27,"column":15},"end":{"line":37,"column":2}}},"fnMap":{"0":{"name":"(anonymous_0)","decl":{"start":{"line":5,"column":19},"end":{"line":5,"column":20}},"loc":{"start":{"line":5,"column":33},"end":{"line":16,"column":1}},"line":5},"1":{"name":"(anonymous_1)","decl":{"start":{"line":18,"column":26},"end":{"line":18,"column":27}},"loc":{"start":{"line":18,"column":41},"end":{"line":25,"column":1}},"line":18}},"branchMap":{},"s":{"0":2,"1":0,"2":0,"3":0,"4":2,"5":0,"6":2},"f":{"0":0,"1":0},"b":{},"_coverageSchema":"1a1c01bbd47fc00a2c39e90264f33305004495a9","hash":"48ce6c9e6371040c3d1dde721be9142f79f160eb"}
,"/Users/harneet/Desktop/CSE_118/Assignment9/src/UI/WorkspaceCard.js": {"path":"/Users/harneet/Desktop/CSE_118/Assignment9/src/UI/WorkspaceCard.js","statementMap":{"0":{"start":{"line":8,"column":22},"end":{"line":61,"column":1}},"1":{"start":{"line":10,"column":4},"end":{"line":10,"column":38}},"2":{"start":{"line":14,"column":23},"end":{"line":14,"column":41}},"3":{"start":{"line":16,"column":32},"end":{"line":19,"column":3}},"4":{"start":{"line":17,"column":4},"end":{"line":17,"column":36}},"5":{"start":{"line":18,"column":4},"end":{"line":18,"column":33}},"6":{"start":{"line":21,"column":28},"end":{"line":33,"column":3}},"7":{"start":{"line":22,"column":4},"end":{"line":32,"column":6}},"8":{"start":{"line":23,"column":47},"end":{"line":23,"column":70}},"9":{"start":{"line":36,"column":19},"end":{"line":36,"column":46}},"10":{"start":{"line":39,"column":2},"end":{"line":60,"column":4}},"11":{"start":{"line":45,"column":10},"end":{"line":45,"column":37}},"12":{"start":{"line":46,"column":10},"end":{"line":46,"column":66}},"13":{"start":{"line":63,"column":15},"end":{"line":84,"column":2}}},"fnMap":{"0":{"name":"(anonymous_0)","decl":{"start":{"line":8,"column":22},"end":{"line":8,"column":23}},"loc":{"start":{"line":8,"column":51},"end":{"line":61,"column":1}},"line":8},"1":{"name":"(anonymous_1)","decl":{"start":{"line":16,"column":32},"end":{"line":16,"column":33}},"loc":{"start":{"line":16,"column":38},"end":{"line":19,"column":3}},"line":16},"2":{"name":"(anonymous_2)","decl":{"start":{"line":21,"column":28},"end":{"line":21,"column":29}},"loc":{"start":{"line":21,"column":34},"end":{"line":33,"column":3}},"line":21},"3":{"name":"(anonymous_3)","decl":{"start":{"line":23,"column":41},"end":{"line":23,"column":42}},"loc":{"start":{"line":23,"column":47},"end":{"line":23,"column":70}},"line":23},"4":{"name":"(anonymous_4)","decl":{"start":{"line":44,"column":17},"end":{"line":44,"column":18}},"loc":{"start":{"line":44,"column":23},"end":{"line":47,"column":9}},"line":44}},"branchMap":{"0":{"loc":{"start":{"line":42,"column":26},"end":{"line":42,"column":61}},"type":"cond-expr","locations":[{"start":{"line":42,"column":37},"end":{"line":42,"column":54}},{"start":{"line":42,"column":57},"end":{"line":42,"column":61}}],"line":42},"1":{"loc":{"start":{"line":54,"column":15},"end":{"line":54,"column":63}},"type":"cond-expr","locations":[{"start":{"line":54,"column":40},"end":{"line":54,"column":58}},{"start":{"line":54,"column":61},"end":{"line":54,"column":63}}],"line":54}},"s":{"0":2,"1":0,"2":0,"3":0,"4":0,"5":0,"6":0,"7":0,"8":0,"9":0,"10":0,"11":0,"12":0,"13":2},"f":{"0":0,"1":0,"2":0,"3":0,"4":0},"b":{"0":[0,0],"1":[0,0]},"_coverageSchema":"1a1c01bbd47fc00a2c39e90264f33305004495a9","hash":"78174d51c14379912a432120226dc3f8e19ca17f"}
,"/Users/harneet/Desktop/CSE_118/Assignment9/src/UI/WorkspaceList.js": {"path":"/Users/harneet/Desktop/CSE_118/Assignment9/src/UI/WorkspaceList.js","statementMap":{"0":{"start":{"line":6,"column":22},"end":{"line":19,"column":1}},"1":{"start":{"line":7,"column":23},"end":{"line":7,"column":51}},"2":{"start":{"line":8,"column":2},"end":{"line":18,"column":4}},"3":{"start":{"line":12,"column":30},"end":{"line":12,"column":37}},"4":{"start":{"line":14,"column":10},"end":{"line":14,"column":68}},"5":{"start":{"line":21,"column":15},"end":{"line":26,"column":2}}},"fnMap":{"0":{"name":"(anonymous_0)","decl":{"start":{"line":6,"column":22},"end":{"line":6,"column":23}},"loc":{"start":{"line":6,"column":40},"end":{"line":19,"column":1}},"line":6},"1":{"name":"(anonymous_1)","decl":{"start":{"line":12,"column":22},"end":{"line":12,"column":23}},"loc":{"start":{"line":12,"column":30},"end":{"line":12,"column":37}},"line":12},"2":{"name":"(anonymous_2)","decl":{"start":{"line":13,"column":20},"end":{"line":13,"column":21}},"loc":{"start":{"line":14,"column":10},"end":{"line":14,"column":68}},"line":14}},"branchMap":{},"s":{"0":2,"1":0,"2":0,"3":0,"4":0,"5":2},"f":{"0":0,"1":0,"2":0},"b":{},"_coverageSchema":"1a1c01bbd47fc00a2c39e90264f33305004495a9","hash":"d057166fe9f615335de509ad6f8b2a3880c2963e"}
}
