TN:
SF:App.js
FN:5,(anonymous_0)
FNF:1
FNH:1
FNDA:22,(anonymous_0)
DA:5,2
DA:6,22
LF:2
LH:2
BRF:0
BRH:0
end_of_record
TN:
SF:src/Main.js
FN:24,(anonymous_0)
FN:41,(anonymous_1)
FN:43,(anonymous_2)
FN:53,(anonymous_3)
FN:61,(anonymous_4)
FN:78,(anonymous_5)
FN:82,(anonymous_6)
FN:90,(anonymous_7)
FN:100,(anonymous_8)
FN:110,(anonymous_9)
FN:114,(anonymous_10)
FN:121,(anonymous_11)
FN:129,(anonymous_12)
FN:137,(anonymous_13)
FN:145,(anonymous_14)
FN:153,(anonymous_15)
FN:156,(anonymous_16)
FN:163,(anonymous_17)
FN:171,(anonymous_18)
FN:179,(anonymous_19)
FN:181,(anonymous_20)
FNF:21
FNH:1
FNDA:22,(anonymous_0)
FNDA:0,(anonymous_1)
FNDA:0,(anonymous_2)
FNDA:0,(anonymous_3)
FNDA:0,(anonymous_4)
FNDA:0,(anonymous_5)
FNDA:0,(anonymous_6)
FNDA:0,(anonymous_7)
FNDA:0,(anonymous_8)
FNDA:0,(anonymous_9)
FNDA:0,(anonymous_10)
FNDA:0,(anonymous_11)
FNDA:0,(anonymous_12)
FNDA:0,(anonymous_13)
FNDA:0,(anonymous_14)
FNDA:0,(anonymous_15)
FNDA:0,(anonymous_16)
FNDA:0,(anonymous_17)
FNDA:0,(anonymous_18)
FNDA:0,(anonymous_19)
FNDA:0,(anonymous_20)
DA:22,2
DA:24,2
DA:26,22
DA:28,22
DA:29,22
DA:31,0
DA:41,0
DA:44,0
DA:54,0
DA:61,0
DA:78,0
DA:83,0
DA:90,0
DA:100,0
DA:110,0
DA:115,0
DA:121,0
DA:129,0
DA:137,0
DA:145,0
DA:153,0
DA:157,0
DA:163,0
DA:171,0
DA:179,0
DA:181,0
LF:26
LH:5
BRDA:28,0,0,22
BRDA:28,0,1,0
BRDA:84,1,0,0
BRDA:84,1,1,0
BRDA:93,2,0,0
BRDA:93,2,1,0
BRF:6
BRH:1
end_of_record
TN:
SF:src/Model/ViewModel.js
FN:29,(anonymous_0)
FN:42,(anonymous_1)
FN:44,(anonymous_2)
FN:49,(anonymous_3)
FN:55,(anonymous_4)
FN:65,(anonymous_5)
FN:79,(anonymous_6)
FN:87,(anonymous_7)
FN:94,(anonymous_8)
FN:101,(anonymous_9)
FN:109,(anonymous_10)
FN:117,(anonymous_11)
FN:124,(anonymous_12)
FN:130,(anonymous_13)
FN:138,(anonymous_14)
FN:145,(anonymous_15)
FNF:16
FNH:3
FNDA:22,(anonymous_0)
FNDA:22,(anonymous_1)
FNDA:0,(anonymous_2)
FNDA:3,(anonymous_3)
FNDA:0,(anonymous_4)
FNDA:0,(anonymous_5)
FNDA:0,(anonymous_6)
FNDA:0,(anonymous_7)
FNDA:0,(anonymous_8)
FNDA:0,(anonymous_9)
FNDA:0,(anonymous_10)
FNDA:0,(anonymous_11)
FNDA:0,(anonymous_12)
FNDA:0,(anonymous_13)
FNDA:0,(anonymous_14)
FNDA:0,(anonymous_15)
DA:27,2
DA:29,2
DA:30,22
DA:31,22
DA:32,22
DA:33,22
DA:34,22
DA:35,22
DA:36,22
DA:37,22
DA:42,22
DA:43,22
DA:45,0
DA:46,0
DA:47,0
DA:50,3
DA:55,22
DA:56,0
DA:57,0
DA:58,0
DA:59,0
DA:60,0
DA:61,0
DA:65,22
DA:66,0
DA:67,0
DA:68,0
DA:69,0
DA:70,0
DA:71,0
DA:72,0
DA:73,0
DA:79,22
DA:80,0
DA:81,0
DA:82,0
DA:83,0
DA:87,22
DA:88,0
DA:89,0
DA:90,0
DA:94,22
DA:95,0
DA:96,0
DA:97,0
DA:101,22
DA:102,0
DA:103,0
DA:109,22
DA:110,0
DA:111,0
DA:112,0
DA:113,0
DA:117,22
DA:118,0
DA:119,0
DA:120,0
DA:124,22
DA:125,0
DA:126,0
DA:130,22
DA:131,0
DA:132,0
DA:138,22
DA:139,0
DA:140,0
DA:141,0
DA:145,22
DA:146,0
DA:147,0
DA:150,22
LF:71
LH:26
BRF:0
BRH:0
end_of_record
TN:
SF:src/Repo/ChannelRepo.js
FN:5,(anonymous_0)
FN:15,(anonymous_1)
FN:21,(anonymous_2)
FN:27,(anonymous_3)
FN:40,(anonymous_4)
FN:46,(anonymous_5)
FN:52,(anonymous_6)
FNF:7
FNH:0
FNDA:0,(anonymous_0)
FNDA:0,(anonymous_1)
FNDA:0,(anonymous_2)
FNDA:0,(anonymous_3)
FNDA:0,(anonymous_4)
FNDA:0,(anonymous_5)
FNDA:0,(anonymous_6)
DA:5,2
DA:7,0
DA:17,0
DA:22,0
DA:24,0
DA:27,2
DA:29,0
DA:42,0
DA:47,0
DA:49,0
DA:52,2
DA:53,0
LF:12
LH:3
BRF:0
BRH:0
end_of_record
TN:
SF:src/Repo/MemberRepo.js
FN:5,(anonymous_0)
FN:15,(anonymous_1)
FN:21,(anonymous_2)
FN:27,(anonymous_3)
FN:37,(anonymous_4)
FN:43,(anonymous_5)
FN:49,(anonymous_6)
FN:63,(anonymous_7)
FNF:8
FNH:0
FNDA:0,(anonymous_0)
FNDA:0,(anonymous_1)
FNDA:0,(anonymous_2)
FNDA:0,(anonymous_3)
FNDA:0,(anonymous_4)
FNDA:0,(anonymous_5)
FNDA:0,(anonymous_6)
FNDA:0,(anonymous_7)
DA:5,2
DA:7,0
DA:17,0
DA:22,0
DA:24,0
DA:27,2
DA:29,0
DA:39,0
DA:44,0
DA:46,0
DA:49,2
DA:51,0
DA:60,0
DA:63,2
DA:65,0
DA:74,0
LF:16
LH:4
BRF:0
BRH:0
end_of_record
TN:
SF:src/Repo/MessageRepo.js
FN:5,(anonymous_0)
FN:15,(anonymous_1)
FN:21,(anonymous_2)
FN:27,(anonymous_3)
FN:40,(anonymous_4)
FN:45,(anonymous_5)
FN:51,(anonymous_6)
FNF:7
FNH:0
FNDA:0,(anonymous_0)
FNDA:0,(anonymous_1)
FNDA:0,(anonymous_2)
FNDA:0,(anonymous_3)
FNDA:0,(anonymous_4)
FNDA:0,(anonymous_5)
FNDA:0,(anonymous_6)
DA:5,2
DA:7,0
DA:17,0
DA:22,0
DA:24,0
DA:27,2
DA:29,0
DA:42,0
DA:46,0
DA:48,0
DA:51,2
DA:52,0
LF:12
LH:3
BRF:0
BRH:0
end_of_record
TN:
SF:src/Repo/SystemRepo.js
FN:5,(anonymous_0)
FN:18,(anonymous_1)
FN:24,(anonymous_2)
FN:30,(anonymous_3)
FNF:4
FNH:1
FNDA:22,(anonymous_0)
FNDA:0,(anonymous_1)
FNDA:0,(anonymous_2)
FNDA:0,(anonymous_3)
DA:5,2
DA:7,22
DA:19,0
DA:20,0
DA:22,0
DA:25,0
DA:27,0
DA:30,2
DA:31,0
LF:9
LH:3
BRDA:19,0,0,0
BRDA:19,0,1,0
BRF:2
BRH:0
end_of_record
TN:
SF:src/Repo/WorkspaceRepo.js
FN:5,(anonymous_0)
FN:15,(anonymous_1)
FN:21,(anonymous_2)
FN:27,(anonymous_3)
FN:40,(anonymous_4)
FN:46,(anonymous_5)
FN:52,(anonymous_6)
FNF:7
FNH:0
FNDA:0,(anonymous_0)
FNDA:0,(anonymous_1)
FNDA:0,(anonymous_2)
FNDA:0,(anonymous_3)
FNDA:0,(anonymous_4)
FNDA:0,(anonymous_5)
FNDA:0,(anonymous_6)
DA:5,2
DA:7,0
DA:17,0
DA:22,0
DA:24,0
DA:27,2
DA:29,0
DA:42,0
DA:47,0
DA:49,0
DA:52,2
DA:53,0
LF:12
LH:3
BRF:0
BRH:0
end_of_record
TN:
SF:src/UI/AddChannelView.js
FN:5,(anonymous_0)
FN:9,(anonymous_1)
FN:23,(anonymous_2)
FNF:3
FNH:0
FNDA:0,(anonymous_0)
FNDA:0,(anonymous_1)
FNDA:0,(anonymous_2)
DA:5,2
DA:6,0
DA:7,0
DA:9,0
DA:10,0
DA:11,0
DA:14,0
DA:16,0
DA:23,0
DA:44,2
LF:10
LH:2
BRF:0
BRH:0
end_of_record
TN:
SF:src/UI/AddMemberCard.js
FN:8,(anonymous_0)
FN:16,(anonymous_1)
FN:21,(anonymous_2)
FN:23,(anonymous_3)
FNF:4
FNH:0
FNDA:0,(anonymous_0)
FNDA:0,(anonymous_1)
FNDA:0,(anonymous_2)
FNDA:0,(anonymous_3)
DA:8,2
DA:10,0
DA:14,0
DA:16,0
DA:17,0
DA:18,0
DA:21,0
DA:22,0
DA:23,0
DA:35,0
DA:48,2
LF:11
LH:2
BRF:0
BRH:0
end_of_record
TN:
SF:src/UI/AddMemberList.js
FN:6,(anonymous_0)
FN:11,(anonymous_1)
FN:20,(anonymous_2)
FN:21,(anonymous_3)
FNF:4
FNH:0
FNDA:0,(anonymous_0)
FNDA:0,(anonymous_1)
FNDA:0,(anonymous_2)
FNDA:0,(anonymous_3)
DA:6,2
DA:8,0
DA:10,0
DA:12,0
DA:15,0
DA:20,0
DA:22,0
DA:29,2
LF:8
LH:2
BRDA:12,0,0,0
BRDA:12,0,1,0
BRF:2
BRH:0
end_of_record
TN:
SF:src/UI/AddMessageView.js
FN:5,(anonymous_0)
FN:10,(anonymous_1)
FN:24,(anonymous_2)
FNF:3
FNH:0
FNDA:0,(anonymous_0)
FNDA:0,(anonymous_1)
FNDA:0,(anonymous_2)
DA:5,2
DA:7,0
DA:8,0
DA:10,0
DA:11,0
DA:12,0
DA:15,0
DA:17,0
DA:24,0
DA:47,2
LF:10
LH:2
BRF:0
BRH:0
end_of_record
TN:
SF:src/UI/AddWorkspaceView.js
FN:5,(anonymous_0)
FN:9,(anonymous_1)
FN:23,(anonymous_2)
FNF:3
FNH:0
FNDA:0,(anonymous_0)
FNDA:0,(anonymous_1)
FNDA:0,(anonymous_2)
DA:5,2
DA:6,0
DA:7,0
DA:9,0
DA:10,0
DA:11,0
DA:14,0
DA:16,0
DA:23,0
DA:44,2
LF:10
LH:2
BRF:0
BRH:0
end_of_record
TN:
SF:src/UI/ChannelCard.js
FN:8,(anonymous_0)
FN:16,(anonymous_1)
FN:21,(anonymous_2)
FN:23,(anonymous_3)
FN:45,(anonymous_4)
FNF:5
FNH:0
FNDA:0,(anonymous_0)
FNDA:0,(anonymous_1)
FNDA:0,(anonymous_2)
FNDA:0,(anonymous_3)
FNDA:0,(anonymous_4)
DA:8,2
DA:10,0
DA:14,0
DA:16,0
DA:17,0
DA:18,0
DA:21,0
DA:22,0
DA:23,0
DA:36,0
DA:40,0
DA:46,0
DA:47,0
DA:64,2
LF:14
LH:2
BRDA:43,0,0,0
BRDA:43,0,1,0
BRDA:55,1,0,0
BRDA:55,1,1,0
BRF:4
BRH:0
end_of_record
TN:
SF:src/UI/ChannelList.js
FN:6,(anonymous_0)
FN:12,(anonymous_1)
FN:13,(anonymous_2)
FNF:3
FNH:0
FNDA:0,(anonymous_0)
FNDA:0,(anonymous_1)
FNDA:0,(anonymous_2)
DA:6,2
DA:7,0
DA:8,0
DA:12,0
DA:14,0
DA:21,2
LF:6
LH:2
BRF:0
BRH:0
end_of_record
TN:
SF:src/UI/LoginView.js
FN:5,(anonymous_0)
FN:11,(anonymous_1)
FN:22,(anonymous_2)
FN:32,(anonymous_3)
FNF:4
FNH:4
FNDA:66,(anonymous_0)
FNDA:22,(anonymous_1)
FNDA:22,(anonymous_2)
FNDA:22,(anonymous_3)
DA:5,2
DA:6,66
DA:8,66
DA:9,66
DA:11,66
DA:12,22
DA:15,66
DA:22,22
DA:32,22
DA:41,2
LF:10
LH:10
BRF:0
BRH:0
end_of_record
TN:
SF:src/UI/MemberCard.js
FN:8,(anonymous_0)
FN:16,(anonymous_1)
FN:21,(anonymous_2)
FN:23,(anonymous_3)
FNF:4
FNH:0
FNDA:0,(anonymous_0)
FNDA:0,(anonymous_1)
FNDA:0,(anonymous_2)
FNDA:0,(anonymous_3)
DA:8,2
DA:10,0
DA:14,0
DA:16,0
DA:17,0
DA:18,0
DA:21,0
DA:22,0
DA:23,0
DA:36,0
DA:49,2
LF:11
LH:2
BRF:0
BRH:0
end_of_record
TN:
SF:src/UI/MemberList.js
FN:6,(anonymous_0)
FN:13,(anonymous_1)
FN:14,(anonymous_2)
FNF:3
FNH:0
FNDA:0,(anonymous_0)
FNDA:0,(anonymous_1)
FNDA:0,(anonymous_2)
DA:6,2
DA:7,0
DA:8,0
DA:13,0
DA:15,0
DA:22,2
LF:6
LH:2
BRF:0
BRH:0
end_of_record
TN:
SF:src/UI/MessageCard.js
FN:9,(anonymous_0)
FN:22,(anonymous_1)
FN:35,(anonymous_2)
FN:40,(anonymous_3)
FN:42,(anonymous_4)
FN:63,(anonymous_5)
FN:69,(anonymous_6)
FNF:7
FNH:0
FNDA:0,(anonymous_0)
FNDA:0,(anonymous_1)
FNDA:0,(anonymous_2)
FNDA:0,(anonymous_3)
FNDA:0,(anonymous_4)
FNDA:0,(anonymous_5)
FNDA:0,(anonymous_6)
DA:9,2
DA:10,0
DA:11,0
DA:19,0
DA:22,2
DA:29,0
DA:33,0
DA:35,0
DA:36,0
DA:37,0
DA:40,0
DA:41,0
DA:42,0
DA:54,0
DA:58,0
DA:64,0
DA:69,0
DA:84,2
LF:18
LH:3
BRDA:54,0,0,0
BRDA:54,0,1,0
BRDA:61,1,0,0
BRDA:61,1,1,0
BRF:4
BRH:0
end_of_record
TN:
SF:src/UI/MessageList.js
FN:6,(anonymous_0)
FN:12,(anonymous_1)
FN:13,(anonymous_2)
FNF:3
FNH:0
FNDA:0,(anonymous_0)
FNDA:0,(anonymous_1)
FNDA:0,(anonymous_2)
DA:6,2
DA:7,0
DA:8,0
DA:12,0
DA:14,0
DA:21,2
LF:6
LH:2
BRF:0
BRH:0
end_of_record
TN:
SF:src/UI/MessageView.js
FN:6,(anonymous_0)
FNF:1
FNH:0
FNDA:0,(anonymous_0)
DA:6,2
DA:7,0
DA:8,0
DA:15,2
LF:4
LH:2
BRF:0
BRH:0
end_of_record
TN:
SF:src/UI/SingleMessageCard.js
FN:5,(anonymous_0)
FN:18,(anonymous_1)
FNF:2
FNH:0
FNDA:0,(anonymous_0)
FNDA:0,(anonymous_1)
DA:5,2
DA:6,0
DA:7,0
DA:15,0
DA:18,2
DA:19,0
DA:27,2
LF:7
LH:3
BRF:0
BRH:0
end_of_record
TN:
SF:src/UI/WorkspaceCard.js
FN:8,(anonymous_0)
FN:16,(anonymous_1)
FN:21,(anonymous_2)
FN:23,(anonymous_3)
FN:44,(anonymous_4)
FNF:5
FNH:0
FNDA:0,(anonymous_0)
FNDA:0,(anonymous_1)
FNDA:0,(anonymous_2)
FNDA:0,(anonymous_3)
FNDA:0,(anonymous_4)
DA:8,2
DA:10,0
DA:14,0
DA:16,0
DA:17,0
DA:18,0
DA:21,0
DA:22,0
DA:23,0
DA:36,0
DA:39,0
DA:45,0
DA:46,0
DA:63,2
LF:14
LH:2
BRDA:42,0,0,0
BRDA:42,0,1,0
BRDA:54,1,0,0
BRDA:54,1,1,0
BRF:4
BRH:0
end_of_record
TN:
SF:src/UI/WorkspaceList.js
FN:6,(anonymous_0)
FN:12,(anonymous_1)
FN:13,(anonymous_2)
FNF:3
FNH:0
FNDA:0,(anonymous_0)
FNDA:0,(anonymous_1)
FNDA:0,(anonymous_2)
DA:6,2
DA:7,0
DA:8,0
DA:12,0
DA:14,0
DA:21,2
LF:6
LH:2
BRF:0
BRH:0
end_of_record
